Flow report for S4bits
Tue Oct  4 19:01:14 2022
Quartus Prime Version 20.1.0 Build 711 06/05/2020 SJ Lite Edition


---------------------
; Table of Contents ;
---------------------
  1. Legal Notice
  2. Flow Summary
  3. Flow Settings
  4. Flow Non-Default Global Settings
  5. Flow Elapsed Time
  6. Flow OS Summary
  7. Flow Log
  8. Flow Messages
  9. Flow Suppressed Messages



----------------
; Legal Notice ;
----------------
Copyright (C) 2020  Intel Corporation. All rights reserved.
Your use of Intel Corporation's design tools, logic functions 
and other software and tools, and any partner logic 
functions, and any output files from any of the foregoing 
(including device programming or simulation files), and any 
associated documentation or information are expressly subject 
to the terms and conditions of the Intel Program License 
Subscription Agreement, the Intel Quartus Prime License Agreement,
the Intel FPGA IP License Agreement, or other applicable license
agreement, including, without limitation, that your use is for
the sole purpose of programming logic devices manufactured by
Intel and sold by Intel or its authorized distributors.  Please
refer to the applicable agreement for further details, at
https://fpgasoftware.intel.com/eula.



+-------------------------------------------------------------------------------+
; Flow Summary                                                                  ;
+---------------------------------+---------------------------------------------+
; Flow Status                     ; Successful - Tue Oct  4 19:01:14 2022       ;
; Quartus Prime Version           ; 20.1.0 Build 711 06/05/2020 SJ Lite Edition ;
; Revision Name                   ; S4bits                                      ;
; Top-level Entity Name           ; S4bits                                      ;
; Family                          ; Cyclone V                                   ;
; Device                          ; 5CGXFC7C7F23C8                              ;
; Timing Models                   ; Final                                       ;
; Logic utilization (in ALMs)     ; 4 / 56,480 ( < 1 % )                        ;
; Total registers                 ; 0                                           ;
; Total pins                      ; 14 / 268 ( 5 % )                            ;
; Total virtual pins              ; 0                                           ;
; Total block memory bits         ; 0 / 7,024,640 ( 0 % )                       ;
; Total DSP Blocks                ; 0 / 156 ( 0 % )                             ;
; Total HSSI RX PCSs              ; 0 / 6 ( 0 % )                               ;
; Total HSSI PMA RX Deserializers ; 0 / 6 ( 0 % )                               ;
; Total HSSI TX PCSs              ; 0 / 6 ( 0 % )                               ;
; Total HSSI PMA TX Serializers   ; 0 / 6 ( 0 % )                               ;
; Total PLLs                      ; 0 / 13 ( 0 % )                              ;
; Total DLLs                      ; 0 / 4 ( 0 % )                               ;
+---------------------------------+---------------------------------------------+


+-----------------------------------------+
; Flow Settings                           ;
+-------------------+---------------------+
; Option            ; Setting             ;
+-------------------+---------------------+
; Start date & time ; 10/04/2022 19:00:05 ;
; Main task         ; Compilation         ;
; Revision Name     ; S4bits              ;
+-------------------+---------------------+


+-----------------------------------------------------------------------------------------------------------------------------------------------------------------------------+
; Flow Non-Default Global Settings                                                                                                                                            ;
+--------------------------------------+--------------------------------------------------------------------+---------------+-------------+-----------------------------------+
; Assignment Name                      ; Value                                                              ; Default Value ; Entity Name ; Section Id                        ;
+--------------------------------------+--------------------------------------------------------------------+---------------+-------------+-----------------------------------+
; COMPILER_SIGNATURE_ID                ; 62489538746489.166490280507289                                     ; --            ; --          ; --                                ;
; EDA_DESIGN_INSTANCE_NAME             ; NA                                                                 ; --            ; --          ; prueba_s4bits                     ;
; EDA_GENERATE_FUNCTIONAL_NETLIST      ; Off                                                                ; --            ; --          ; eda_board_design_timing           ;
; EDA_GENERATE_FUNCTIONAL_NETLIST      ; Off                                                                ; --            ; --          ; eda_board_design_boundary_scan    ;
; EDA_GENERATE_FUNCTIONAL_NETLIST      ; Off                                                                ; --            ; --          ; eda_board_design_signal_integrity ;
; EDA_GENERATE_FUNCTIONAL_NETLIST      ; Off                                                                ; --            ; --          ; eda_board_design_symbol           ;
; EDA_NATIVELINK_SIMULATION_TEST_BENCH ; prueba_s4bits                                                      ; --            ; --          ; eda_simulation                    ;
; EDA_OUTPUT_DATA_FORMAT               ; Vhdl                                                               ; --            ; --          ; eda_simulation                    ;
; EDA_SIMULATION_TOOL                  ; ModelSim-Altera (VHDL)                                             ; <None>        ; --          ; --                                ;
; EDA_TEST_BENCH_ENABLE_STATUS         ; TEST_BENCH_MODE                                                    ; --            ; --          ; eda_simulation                    ;
; EDA_TEST_BENCH_FILE                  ; ../SUMA/SUM4/PRUEBAS/prueba_s4bits.vhd                             ; --            ; --          ; prueba_s4bits                     ;
; EDA_TEST_BENCH_MODULE_NAME           ; prueba_s4bits                                                      ; --            ; --          ; prueba_s4bits                     ;
; EDA_TEST_BENCH_NAME                  ; prueba_s4bits                                                      ; --            ; --          ; eda_simulation                    ;
; EDA_TIME_SCALE                       ; 1 ps                                                               ; --            ; --          ; eda_simulation                    ;
; MAX_CORE_JUNCTION_TEMP               ; 85                                                                 ; --            ; --          ; --                                ;
; MIN_CORE_JUNCTION_TEMP               ; 0                                                                  ; --            ; --          ; --                                ;
; PARTITION_COLOR                      ; -- (Not supported for targeted family)                             ; --            ; --          ; Top                               ;
; PARTITION_FITTER_PRESERVATION_LEVEL  ; -- (Not supported for targeted family)                             ; --            ; --          ; Top                               ;
; PARTITION_NETLIST_TYPE               ; -- (Not supported for targeted family)                             ; --            ; --          ; Top                               ;
; POWER_BOARD_THERMAL_MODEL            ; None (CONSERVATIVE)                                                ; --            ; --          ; --                                ;
; POWER_PRESET_COOLING_SOLUTION        ; 23 MM HEAT SINK WITH 200 LFPM AIRFLOW                              ; --            ; --          ; --                                ;
; PROJECT_OUTPUT_DIRECTORY             ; output_files                                                       ; --            ; --          ; --                                ;
; SEARCH_PATH                          ; /home/jafeth/uni/ac2/AC2/labs/LAB2/SUMA/COMPONENTES/SUM1BIT/CODIGO ; --            ; --          ; --                                ;
+--------------------------------------+--------------------------------------------------------------------+---------------+-------------+-----------------------------------+


+--------------------------------------------------------------------------------------------------------------------------+
; Flow Elapsed Time                                                                                                        ;
+----------------------+--------------+-------------------------+---------------------+------------------------------------+
; Module Name          ; Elapsed Time ; Average Processors Used ; Peak Virtual Memory ; Total CPU Time (on all processors) ;
+----------------------+--------------+-------------------------+---------------------+------------------------------------+
; Analysis & Synthesis ; 00:00:13     ; 1.0                     ; 497 MB              ; 00:00:33                           ;
; Fitter               ; 00:00:37     ; 1.0                     ; 2135 MB             ; 00:01:44                           ;
; Assembler            ; 00:00:08     ; 1.0                     ; 495 MB              ; 00:00:08                           ;
; Timing Analyzer      ; 00:00:05     ; 1.0                     ; 871 MB              ; 00:00:05                           ;
; EDA Netlist Writer   ; 00:00:01     ; 1.0                     ; 678 MB              ; 00:00:01                           ;
; Total                ; 00:01:04     ; --                      ; --                  ; 00:02:31                           ;
+----------------------+--------------+-------------------------+---------------------+------------------------------------+


+------------------------------------------------------------------------------------------------+
; Flow OS Summary                                                                                ;
+----------------------+------------------+------------------+------------------+----------------+
; Module Name          ; Machine Hostname ; OS Name          ; OS Version       ; Processor type ;
+----------------------+------------------+------------------+------------------+----------------+
; Analysis & Synthesis ; debian           ; Debian GNU/Linux ; Debian GNU/Linux ; x86_64         ;
; Fitter               ; debian           ; Debian GNU/Linux ; Debian GNU/Linux ; x86_64         ;
; Assembler            ; debian           ; Debian GNU/Linux ; Debian GNU/Linux ; x86_64         ;
; Timing Analyzer      ; debian           ; Debian GNU/Linux ; Debian GNU/Linux ; x86_64         ;
; EDA Netlist Writer   ; debian           ; Debian GNU/Linux ; Debian GNU/Linux ; x86_64         ;
+----------------------+------------------+------------------+------------------+----------------+


------------
; Flow Log ;
------------
quartus_map --read_settings_files=on --write_settings_files=off sumador4bits -c S4bits
quartus_fit --read_settings_files=off --write_settings_files=off sumador4bits -c S4bits
quartus_asm --read_settings_files=off --write_settings_files=off sumador4bits -c S4bits
quartus_sta sumador4bits -c S4bits
quartus_eda --read_settings_files=off --write_settings_files=off sumador4bits -c S4bits



