Analysis & Synthesis report for camino_control
Fri Oct 14 15:15:01 2022
Quartus Prime Version 20.1.0 Build 711 06/05/2020 SJ Lite Edition


---------------------
; Table of Contents ;
---------------------
  1. Legal Notice
  2. Analysis & Synthesis Summary
  3. Analysis & Synthesis Settings
  4. Parallel Compilation
  5. Analysis & Synthesis Source Files Read
  6. Analysis & Synthesis Resource Usage Summary
  7. Analysis & Synthesis Resource Utilization by Entity
  8. General Register Statistics
  9. Parameter Settings for User Entity Instance: multiplexor:muxiniDE
 10. Parameter Settings for User Entity Instance: multiplexor:muxiniIDE
 11. Parameter Settings for User Entity Instance: multiplexor:muxIDL
 12. Parameter Settings for User Entity Instance: control:controlDE|registro:contador
 13. Parameter Settings for User Entity Instance: control:controlDE|registro:IdenL1
 14. Parameter Settings for User Entity Instance: control:controlDE|registro:IdenL2
 15. Parameter Settings for User Entity Instance: control:controlDE|registro:IdenE
 16. Post-Synthesis Netlist Statistics for Top Partition
 17. Elapsed Time Per Partition
 18. Analysis & Synthesis Messages



----------------
; Legal Notice ;
----------------
Copyright (C) 2020  Intel Corporation. All rights reserved.
Your use of Intel Corporation's design tools, logic functions 
and other software and tools, and any partner logic 
functions, and any output files from any of the foregoing 
(including device programming or simulation files), and any 
associated documentation or information are expressly subject 
to the terms and conditions of the Intel Program License 
Subscription Agreement, the Intel Quartus Prime License Agreement,
the Intel FPGA IP License Agreement, or other applicable license
agreement, including, without limitation, that your use is for
the sole purpose of programming logic devices manufactured by
Intel and sold by Intel or its authorized distributors.  Please
refer to the applicable agreement for further details, at
https://fpgasoftware.intel.com/eula.



+----------------------------------------------------------------------------------+
; Analysis & Synthesis Summary                                                     ;
+------------------------------------+---------------------------------------------+
; Analysis & Synthesis Status        ; Successful - Fri Oct 14 15:15:01 2022       ;
; Quartus Prime Version              ; 20.1.0 Build 711 06/05/2020 SJ Lite Edition ;
; Revision Name                      ; camino_control                              ;
; Top-level Entity Name              ; camino_control                              ;
; Family                             ; Cyclone IV GX                               ;
; Total logic elements               ; 12                                          ;
;     Total combinational functions  ; 12                                          ;
;     Dedicated logic registers      ; 6                                           ;
; Total registers                    ; 6                                           ;
; Total pins                         ; 23                                          ;
; Total virtual pins                 ; 0                                           ;
; Total memory bits                  ; 0                                           ;
; Embedded Multiplier 9-bit elements ; 0                                           ;
; Total GXB Receiver Channel PCS     ; 0                                           ;
; Total GXB Receiver Channel PMA     ; 0                                           ;
; Total GXB Transmitter Channel PCS  ; 0                                           ;
; Total GXB Transmitter Channel PMA  ; 0                                           ;
; Total PLLs                         ; 0                                           ;
+------------------------------------+---------------------------------------------+


+------------------------------------------------------------------------------------------------------------+
; Analysis & Synthesis Settings                                                                              ;
+------------------------------------------------------------------+--------------------+--------------------+
; Option                                                           ; Setting            ; Default Value      ;
+------------------------------------------------------------------+--------------------+--------------------+
; Device                                                           ; EP4CGX30CF23C6     ;                    ;
; Top-level entity name                                            ; camino_control     ; camino_control     ;
; Family name                                                      ; Cyclone IV GX      ; Cyclone V          ;
; VHDL Show LMF Mapping Messages                                   ; Off                ;                    ;
; VHDL Version                                                     ; VHDL_2008          ; VHDL_1993          ;
; Use smart compilation                                            ; Off                ; Off                ;
; Enable parallel Assembler and Timing Analyzer during compilation ; On                 ; On                 ;
; Enable compact report table                                      ; Off                ; Off                ;
; Restructure Multiplexers                                         ; Auto               ; Auto               ;
; Create Debugging Nodes for IP Cores                              ; Off                ; Off                ;
; Preserve fewer node names                                        ; On                 ; On                 ;
; Intel FPGA IP Evaluation Mode                                    ; Enable             ; Enable             ;
; Verilog Version                                                  ; Verilog_2001       ; Verilog_2001       ;
; State Machine Processing                                         ; Auto               ; Auto               ;
; Safe State Machine                                               ; Off                ; Off                ;
; Extract Verilog State Machines                                   ; On                 ; On                 ;
; Extract VHDL State Machines                                      ; On                 ; On                 ;
; Ignore Verilog initial constructs                                ; Off                ; Off                ;
; Iteration limit for constant Verilog loops                       ; 5000               ; 5000               ;
; Iteration limit for non-constant Verilog loops                   ; 250                ; 250                ;
; Add Pass-Through Logic to Inferred RAMs                          ; On                 ; On                 ;
; Infer RAMs from Raw Logic                                        ; On                 ; On                 ;
; Parallel Synthesis                                               ; On                 ; On                 ;
; DSP Block Balancing                                              ; Auto               ; Auto               ;
; NOT Gate Push-Back                                               ; On                 ; On                 ;
; Power-Up Don't Care                                              ; On                 ; On                 ;
; Remove Redundant Logic Cells                                     ; Off                ; Off                ;
; Remove Duplicate Registers                                       ; On                 ; On                 ;
; Ignore CARRY Buffers                                             ; Off                ; Off                ;
; Ignore CASCADE Buffers                                           ; Off                ; Off                ;
; Ignore GLOBAL Buffers                                            ; Off                ; Off                ;
; Ignore ROW GLOBAL Buffers                                        ; Off                ; Off                ;
; Ignore LCELL Buffers                                             ; Off                ; Off                ;
; Ignore SOFT Buffers                                              ; On                 ; On                 ;
; Limit AHDL Integers to 32 Bits                                   ; Off                ; Off                ;
; Optimization Technique                                           ; Balanced           ; Balanced           ;
; Carry Chain Length                                               ; 70                 ; 70                 ;
; Auto Carry Chains                                                ; On                 ; On                 ;
; Auto Open-Drain Pins                                             ; On                 ; On                 ;
; Perform WYSIWYG Primitive Resynthesis                            ; Off                ; Off                ;
; Auto ROM Replacement                                             ; On                 ; On                 ;
; Auto RAM Replacement                                             ; On                 ; On                 ;
; Auto DSP Block Replacement                                       ; On                 ; On                 ;
; Auto Shift Register Replacement                                  ; Auto               ; Auto               ;
; Allow Shift Register Merging across Hierarchies                  ; Auto               ; Auto               ;
; Auto Clock Enable Replacement                                    ; On                 ; On                 ;
; Strict RAM Replacement                                           ; Off                ; Off                ;
; Allow Synchronous Control Signals                                ; On                 ; On                 ;
; Force Use of Synchronous Clear Signals                           ; Off                ; Off                ;
; Auto RAM Block Balancing                                         ; On                 ; On                 ;
; Auto RAM to Logic Cell Conversion                                ; Off                ; Off                ;
; Auto Resource Sharing                                            ; Off                ; Off                ;
; Allow Any RAM Size For Recognition                               ; Off                ; Off                ;
; Allow Any ROM Size For Recognition                               ; Off                ; Off                ;
; Allow Any Shift Register Size For Recognition                    ; Off                ; Off                ;
; Use LogicLock Constraints during Resource Balancing              ; On                 ; On                 ;
; Ignore translate_off and synthesis_off directives                ; Off                ; Off                ;
; Timing-Driven Synthesis                                          ; On                 ; On                 ;
; Report Parameter Settings                                        ; On                 ; On                 ;
; Report Source Assignments                                        ; On                 ; On                 ;
; Report Connectivity Checks                                       ; On                 ; On                 ;
; Ignore Maximum Fan-Out Assignments                               ; Off                ; Off                ;
; Synchronization Register Chain Length                            ; 2                  ; 2                  ;
; Power Optimization During Synthesis                              ; Normal compilation ; Normal compilation ;
; HDL message level                                                ; Level2             ; Level2             ;
; Suppress Register Optimization Related Messages                  ; Off                ; Off                ;
; Number of Removed Registers Reported in Synthesis Report         ; 5000               ; 5000               ;
; Number of Swept Nodes Reported in Synthesis Report               ; 5000               ; 5000               ;
; Number of Inverted Registers Reported in Synthesis Report        ; 100                ; 100                ;
; Clock MUX Protection                                             ; On                 ; On                 ;
; Auto Gated Clock Conversion                                      ; Off                ; Off                ;
; Block Design Naming                                              ; Auto               ; Auto               ;
; SDC constraint protection                                        ; Off                ; Off                ;
; Synthesis Effort                                                 ; Auto               ; Auto               ;
; Shift Register Replacement - Allow Asynchronous Clear Signal     ; On                 ; On                 ;
; Pre-Mapping Resynthesis Optimization                             ; Off                ; Off                ;
; Analysis & Synthesis Message Level                               ; Medium             ; Medium             ;
; Disable Register Merging Across Hierarchies                      ; Auto               ; Auto               ;
; Resource Aware Inference For Block RAM                           ; On                 ; On                 ;
+------------------------------------------------------------------+--------------------+--------------------+


+------------------------------------------+
; Parallel Compilation                     ;
+----------------------------+-------------+
; Processors                 ; Number      ;
+----------------------------+-------------+
; Number detected on machine ; 12          ;
; Maximum allowed            ; 12          ;
;                            ;             ;
; Average used               ; 1.00        ;
; Maximum used               ; 12          ;
;                            ;             ;
; Usage by Processor         ; % Time Used ;
;     Processor 1            ; 100.0%      ;
;     Processor 2            ;   0.0%      ;
;     Processors 3-12        ;   0.0%      ;
+----------------------------+-------------+


+-----------------------------------------------------------------------------------------------------------------------------------------------------------------------------------------------------------------------------------------------------------+
; Analysis & Synthesis Source Files Read                                                                                                                                                                                                                    ;
+-------------------------------------------------------------------------------+-----------------+-----------------------+-----------------------------------------------------------------------------------------------------------------------+---------+
; File Name with User-Entered Path                                              ; Used in Netlist ; File Type             ; File Name with Absolute Path                                                                                          ; Library ;
+-------------------------------------------------------------------------------+-----------------+-----------------------+-----------------------------------------------------------------------------------------------------------------------+---------+
; ../../COMPONENTES/control/componentes_control_pkg/componentes_control_pkg.vhd ; yes             ; User VHDL File        ; /home/eloi/uni/q5/AC2/labs/LAB3/NUCLEO_camino/COMPONENTES/control/componentes_control_pkg/componentes_control_pkg.vhd ;         ;
; ../../COMPONENTES/componentes_nucleo_pkg/componentes_nucleo_pkg.vhd           ; yes             ; User VHDL File        ; /home/eloi/uni/q5/AC2/labs/LAB3/NUCLEO_camino/COMPONENTES/componentes_nucleo_pkg/componentes_nucleo_pkg.vhd           ;         ;
; ../../tipos_ctes_pkg/retardos_nucleo_pkg.vhd                                  ; yes             ; User VHDL File        ; /home/eloi/uni/q5/AC2/labs/LAB3/NUCLEO_camino/tipos_ctes_pkg/retardos_nucleo_pkg.vhd                                  ;         ;
; ../../tipos_ctes_pkg/cte_tipos_nucleo_pkg.vhd                                 ; yes             ; User VHDL File        ; /home/eloi/uni/q5/AC2/labs/LAB3/NUCLEO_camino/tipos_ctes_pkg/cte_tipos_nucleo_pkg.vhd                                 ;         ;
; ../CODIGO/camino_control.vhd                                                  ; yes             ; User VHDL File        ; /home/eloi/uni/q5/AC2/labs/LAB3/NUCLEO_camino/ENSAMBLADO/CODIGO/camino_control.vhd                                    ;         ;
; multiplexor.vhd                                                               ; yes             ; Auto-Found VHDL File  ; /home/eloi/uni/q5/AC2/labs/LAB3/NUCLEO_camino/COMPONENTES/multiplexores/CODIGO/multiplexor.vhd                        ;         ;
; multiplexor_1.vhd                                                             ; yes             ; Auto-Found VHDL File  ; /home/eloi/uni/q5/AC2/labs/LAB3/NUCLEO_camino/COMPONENTES/multiplexores/CODIGO/multiplexor_1.vhd                      ;         ;
; BR.vhd                                                                        ; yes             ; Auto-Found VHDL File  ; /home/eloi/uni/q5/AC2/labs/LAB3/NUCLEO_camino/COMPONENTES/BR/CODIGO/BR.vhd                                            ;         ;
; sumador.vhd                                                                   ; yes             ; Auto-Found VHDL File  ; /home/eloi/uni/q5/AC2/labs/LAB3/NUCLEO_camino/COMPONENTES/Sumador/CODIGO/sumador.vhd                                  ;         ;
; control.vhd                                                                   ; yes             ; Auto-Found VHDL File  ; /home/eloi/uni/q5/AC2/labs/LAB3/NUCLEO_camino/COMPONENTES/control/control_indep/CODIGO/control.vhd                    ;         ;
; reg1.vhd                                                                      ; yes             ; Auto-Found VHDL File  ; /home/eloi/uni/q5/AC2/labs/LAB3/NUCLEO_camino/COMPONENTES/control/COMPONENTES/registros/CODIGO/reg1.vhd               ;         ;
; registro.vhd                                                                  ; yes             ; Auto-Found VHDL File  ; /home/eloi/uni/q5/AC2/labs/LAB3/NUCLEO_camino/COMPONENTES/control/COMPONENTES/registros/CODIGO/registro.vhd           ;         ;
+-------------------------------------------------------------------------------+-----------------+-----------------------+-----------------------------------------------------------------------------------------------------------------------+---------+


+----------------------------------------------------------+
; Analysis & Synthesis Resource Usage Summary              ;
+--------------------------+-------------------------------+
; Resource                 ; Usage                         ;
+--------------------------+-------------------------------+
; I/O pins                 ; 23                            ;
;                          ;                               ;
; DSP block 9-bit elements ; 0                             ;
;                          ;                               ;
; Maximum fan-out node     ; control:controlDE|prxestado~0 ;
; Maximum fan-out          ; 7                             ;
; Total fan-out            ; 73                            ;
; Average fan-out          ; 1.14                          ;
+--------------------------+-------------------------------+


+---------------------------------------------------------------------------------------------------------------------------------------------------------------------------------------------------------------------------------------------------------+
; Analysis & Synthesis Resource Utilization by Entity                                                                                                                                                                                                     ;
+----------------------------+---------------------+---------------------------+-------------+--------------+---------+-----------+-----------+------+--------------+-----------------------------------------------------+----------------+--------------+
; Compilation Hierarchy Node ; Combinational ALUTs ; Dedicated Logic Registers ; Memory Bits ; DSP Elements ; DSP 9x9 ; DSP 18x18 ; DSP 36x36 ; Pins ; Virtual Pins ; Full Hierarchy Name                                 ; Entity Name    ; Library Name ;
+----------------------------+---------------------+---------------------------+-------------+--------------+---------+-----------+-----------+------+--------------+-----------------------------------------------------+----------------+--------------+
; |camino_control            ; 12 (1)              ; 6 (0)                     ; 0           ; 0            ; 0       ; 0         ; 0         ; 23   ; 0            ; |camino_control                                     ; camino_control ; work         ;
;    |control:controlDE|     ; 11 (6)              ; 6 (0)                     ; 0           ; 0            ; 0       ; 0         ; 0         ; 0    ; 0            ; |camino_control|control:controlDE                   ; control        ; work         ;
;       |reg1:estadoreg|     ; 0 (0)               ; 1 (1)                     ; 0           ; 0            ; 0       ; 0         ; 0         ; 0    ; 0            ; |camino_control|control:controlDE|reg1:estadoreg    ; reg1           ; work         ;
;       |registro:contador|  ; 5 (5)               ; 5 (5)                     ; 0           ; 0            ; 0       ; 0         ; 0         ; 0    ; 0            ; |camino_control|control:controlDE|registro:contador ; registro       ; work         ;
+----------------------------+---------------------+---------------------------+-------------+--------------+---------+-----------+-----------+------+--------------+-----------------------------------------------------+----------------+--------------+
Note: For table entries with two numbers listed, the numbers in parentheses indicate the number of resources of the given type used by the specific entity alone. The numbers listed outside of parentheses indicate the total resources of the given type used by the specific entity and all of its sub-entities in the hierarchy.


+------------------------------------------------------+
; General Register Statistics                          ;
+----------------------------------------------+-------+
; Statistic                                    ; Value ;
+----------------------------------------------+-------+
; Total registers                              ; 6     ;
; Number of registers using Synchronous Clear  ; 0     ;
; Number of registers using Synchronous Load   ; 5     ;
; Number of registers using Asynchronous Clear ; 0     ;
; Number of registers using Asynchronous Load  ; 0     ;
; Number of registers using Clock Enable       ; 0     ;
; Number of registers using Preset             ; 0     ;
+----------------------------------------------+-------+


+-------------------------------------------------------------------+
; Parameter Settings for User Entity Instance: multiplexor:muxiniDE ;
+----------------+-------+------------------------------------------+
; Parameter Name ; Value ; Type                                     ;
+----------------+-------+------------------------------------------+
; tam            ; 8     ; Signed Integer                           ;
+----------------+-------+------------------------------------------+
Note: In order to hide this table in the UI and the text report file, please set the "Show Parameter Settings in Synthesis Report" option in "Analysis and Synthesis Settings -> More Settings" to "Off".


+--------------------------------------------------------------------+
; Parameter Settings for User Entity Instance: multiplexor:muxiniIDE ;
+----------------+-------+-------------------------------------------+
; Parameter Name ; Value ; Type                                      ;
+----------------+-------+-------------------------------------------+
; tam            ; 5     ; Signed Integer                            ;
+----------------+-------+-------------------------------------------+
Note: In order to hide this table in the UI and the text report file, please set the "Show Parameter Settings in Synthesis Report" option in "Analysis and Synthesis Settings -> More Settings" to "Off".


+-----------------------------------------------------------------+
; Parameter Settings for User Entity Instance: multiplexor:muxIDL ;
+----------------+-------+----------------------------------------+
; Parameter Name ; Value ; Type                                   ;
+----------------+-------+----------------------------------------+
; tam            ; 5     ; Signed Integer                         ;
+----------------+-------+----------------------------------------+
Note: In order to hide this table in the UI and the text report file, please set the "Show Parameter Settings in Synthesis Report" option in "Analysis and Synthesis Settings -> More Settings" to "Off".


+----------------------------------------------------------------------------------+
; Parameter Settings for User Entity Instance: control:controlDE|registro:contador ;
+----------------+-------+---------------------------------------------------------+
; Parameter Name ; Value ; Type                                                    ;
+----------------+-------+---------------------------------------------------------+
; tam            ; 5     ; Signed Integer                                          ;
+----------------+-------+---------------------------------------------------------+
Note: In order to hide this table in the UI and the text report file, please set the "Show Parameter Settings in Synthesis Report" option in "Analysis and Synthesis Settings -> More Settings" to "Off".


+--------------------------------------------------------------------------------+
; Parameter Settings for User Entity Instance: control:controlDE|registro:IdenL1 ;
+----------------+-------+-------------------------------------------------------+
; Parameter Name ; Value ; Type                                                  ;
+----------------+-------+-------------------------------------------------------+
; tam            ; 5     ; Signed Integer                                        ;
+----------------+-------+-------------------------------------------------------+
Note: In order to hide this table in the UI and the text report file, please set the "Show Parameter Settings in Synthesis Report" option in "Analysis and Synthesis Settings -> More Settings" to "Off".


+--------------------------------------------------------------------------------+
; Parameter Settings for User Entity Instance: control:controlDE|registro:IdenL2 ;
+----------------+-------+-------------------------------------------------------+
; Parameter Name ; Value ; Type                                                  ;
+----------------+-------+-------------------------------------------------------+
; tam            ; 5     ; Signed Integer                                        ;
+----------------+-------+-------------------------------------------------------+
Note: In order to hide this table in the UI and the text report file, please set the "Show Parameter Settings in Synthesis Report" option in "Analysis and Synthesis Settings -> More Settings" to "Off".


+-------------------------------------------------------------------------------+
; Parameter Settings for User Entity Instance: control:controlDE|registro:IdenE ;
+----------------+-------+------------------------------------------------------+
; Parameter Name ; Value ; Type                                                 ;
+----------------+-------+------------------------------------------------------+
; tam            ; 5     ; Signed Integer                                       ;
+----------------+-------+------------------------------------------------------+
Note: In order to hide this table in the UI and the text report file, please set the "Show Parameter Settings in Synthesis Report" option in "Analysis and Synthesis Settings -> More Settings" to "Off".


+-----------------------------------------------------+
; Post-Synthesis Netlist Statistics for Top Partition ;
+-----------------------+-----------------------------+
; Type                  ; Count                       ;
+-----------------------+-----------------------------+
; boundary_port         ; 23                          ;
; cycloneiii_ff         ; 6                           ;
;     SLD               ; 5                           ;
;     plain             ; 1                           ;
; cycloneiii_lcell_comb ; 13                          ;
;     arith             ; 4                           ;
;         2 data inputs ; 4                           ;
;     normal            ; 9                           ;
;         0 data inputs ; 1                           ;
;         1 data inputs ; 2                           ;
;         2 data inputs ; 2                           ;
;         3 data inputs ; 1                           ;
;         4 data inputs ; 3                           ;
;                       ;                             ;
; Max LUT depth         ; 3.00                        ;
; Average LUT depth     ; 1.95                        ;
+-----------------------+-----------------------------+


+-------------------------------+
; Elapsed Time Per Partition    ;
+----------------+--------------+
; Partition Name ; Elapsed Time ;
+----------------+--------------+
; Top            ; 00:00:00     ;
+----------------+--------------+


+-------------------------------+
; Analysis & Synthesis Messages ;
+-------------------------------+
Info: *******************************************************************
Info: Running Quartus Prime Analysis & Synthesis
    Info: Version 20.1.0 Build 711 06/05/2020 SJ Lite Edition
    Info: Processing started: Fri Oct 14 15:14:54 2022
Info: Command: quartus_map --read_settings_files=on --write_settings_files=off camino_control -c camino_control
Warning (18236): Number of processors has not been specified which may cause overloading on shared machines.  Set the global assignment NUM_PARALLEL_PROCESSORS in your QSF to an appropriate value for best performance.
Info (20030): Parallel compilation is enabled and will use 12 of the 12 processors detected
Info (12021): Found 1 design units, including 0 entities, in source file /home/eloi/uni/q5/AC2/labs/LAB3/NUCLEO_camino/COMPONENTES/control/componentes_control_pkg/componentes_control_pkg.vhd
    Info (12022): Found design unit 1: componentes_control_pkg File: /home/eloi/uni/q5/AC2/labs/LAB3/NUCLEO_camino/COMPONENTES/control/componentes_control_pkg/componentes_control_pkg.vhd Line: 12
Info (12021): Found 1 design units, including 0 entities, in source file /home/eloi/uni/q5/AC2/labs/LAB3/NUCLEO_camino/COMPONENTES/componentes_nucleo_pkg/componentes_nucleo_pkg.vhd
    Info (12022): Found design unit 1: componentes_nucleo_pkg File: /home/eloi/uni/q5/AC2/labs/LAB3/NUCLEO_camino/COMPONENTES/componentes_nucleo_pkg/componentes_nucleo_pkg.vhd Line: 11
Info (12021): Found 1 design units, including 0 entities, in source file /home/eloi/uni/q5/AC2/labs/LAB3/NUCLEO_camino/tipos_ctes_pkg/retardos_nucleo_pkg.vhd
    Info (12022): Found design unit 1: retardos_nucleo_pkg File: /home/eloi/uni/q5/AC2/labs/LAB3/NUCLEO_camino/tipos_ctes_pkg/retardos_nucleo_pkg.vhd Line: 9
Info (12021): Found 1 design units, including 0 entities, in source file /home/eloi/uni/q5/AC2/labs/LAB3/NUCLEO_camino/tipos_ctes_pkg/cte_tipos_nucleo_pkg.vhd
    Info (12022): Found design unit 1: cte_tipos_nucleo_pkg File: /home/eloi/uni/q5/AC2/labs/LAB3/NUCLEO_camino/tipos_ctes_pkg/cte_tipos_nucleo_pkg.vhd Line: 10
Info (12021): Found 2 design units, including 1 entities, in source file /home/eloi/uni/q5/AC2/labs/LAB3/NUCLEO_camino/ENSAMBLADO/CODIGO/camino_control.vhd
    Info (12022): Found design unit 1: camino_control-estructura File: /home/eloi/uni/q5/AC2/labs/LAB3/NUCLEO_camino/ENSAMBLADO/CODIGO/camino_control.vhd Line: 22
    Info (12023): Found entity 1: camino_control File: /home/eloi/uni/q5/AC2/labs/LAB3/NUCLEO_camino/ENSAMBLADO/CODIGO/camino_control.vhd Line: 13
Info (12127): Elaborating entity "camino_control" for the top level hierarchy
Warning (12125): Using design file /home/eloi/uni/q5/AC2/labs/LAB3/NUCLEO_camino/COMPONENTES/multiplexores/CODIGO/multiplexor.vhd, which is not specified as a design file for the current project, but contains definitions for 2 design units and 1 entities in project
    Info (12022): Found design unit 1: multiplexor-compor File: /home/eloi/uni/q5/AC2/labs/LAB3/NUCLEO_camino/COMPONENTES/multiplexores/CODIGO/multiplexor.vhd Line: 17
    Info (12023): Found entity 1: multiplexor File: /home/eloi/uni/q5/AC2/labs/LAB3/NUCLEO_camino/COMPONENTES/multiplexores/CODIGO/multiplexor.vhd Line: 10
Info (12128): Elaborating entity "multiplexor" for hierarchy "multiplexor:muxiniDE" File: /home/eloi/uni/q5/AC2/labs/LAB3/NUCLEO_camino/ENSAMBLADO/CODIGO/camino_control.vhd Line: 30
Info (12128): Elaborating entity "multiplexor" for hierarchy "multiplexor:muxiniIDE" File: /home/eloi/uni/q5/AC2/labs/LAB3/NUCLEO_camino/ENSAMBLADO/CODIGO/camino_control.vhd Line: 32
Warning (12125): Using design file /home/eloi/uni/q5/AC2/labs/LAB3/NUCLEO_camino/COMPONENTES/multiplexores/CODIGO/multiplexor_1.vhd, which is not specified as a design file for the current project, but contains definitions for 2 design units and 1 entities in project
    Info (12022): Found design unit 1: multiplexor_1-compor File: /home/eloi/uni/q5/AC2/labs/LAB3/NUCLEO_camino/COMPONENTES/multiplexores/CODIGO/multiplexor_1.vhd Line: 15
    Info (12023): Found entity 1: multiplexor_1 File: /home/eloi/uni/q5/AC2/labs/LAB3/NUCLEO_camino/COMPONENTES/multiplexores/CODIGO/multiplexor_1.vhd Line: 9
Info (12128): Elaborating entity "multiplexor_1" for hierarchy "multiplexor_1:mux1ini" File: /home/eloi/uni/q5/AC2/labs/LAB3/NUCLEO_camino/ENSAMBLADO/CODIGO/camino_control.vhd Line: 34
Warning (12125): Using design file /home/eloi/uni/q5/AC2/labs/LAB3/NUCLEO_camino/COMPONENTES/BR/CODIGO/BR.vhd, which is not specified as a design file for the current project, but contains definitions for 2 design units and 1 entities in project
    Info (12022): Found design unit 1: BR-compor File: /home/eloi/uni/q5/AC2/labs/LAB3/NUCLEO_camino/COMPONENTES/BR/CODIGO/BR.vhd Line: 21
    Info (12023): Found entity 1: BR File: /home/eloi/uni/q5/AC2/labs/LAB3/NUCLEO_camino/COMPONENTES/BR/CODIGO/BR.vhd Line: 13
Info (12128): Elaborating entity "BR" for hierarchy "BR:bancoregistro" File: /home/eloi/uni/q5/AC2/labs/LAB3/NUCLEO_camino/ENSAMBLADO/CODIGO/camino_control.vhd Line: 39
Warning (12125): Using design file /home/eloi/uni/q5/AC2/labs/LAB3/NUCLEO_camino/COMPONENTES/Sumador/CODIGO/sumador.vhd, which is not specified as a design file for the current project, but contains definitions for 2 design units and 1 entities in project
    Info (12022): Found design unit 1: sumador-behave File: /home/eloi/uni/q5/AC2/labs/LAB3/NUCLEO_camino/COMPONENTES/Sumador/CODIGO/sumador.vhd Line: 18
    Info (12023): Found entity 1: sumador File: /home/eloi/uni/q5/AC2/labs/LAB3/NUCLEO_camino/COMPONENTES/Sumador/CODIGO/sumador.vhd Line: 13
Info (12128): Elaborating entity "sumador" for hierarchy "sumador:suma" File: /home/eloi/uni/q5/AC2/labs/LAB3/NUCLEO_camino/ENSAMBLADO/CODIGO/camino_control.vhd Line: 41
Warning (12125): Using design file /home/eloi/uni/q5/AC2/labs/LAB3/NUCLEO_camino/COMPONENTES/control/control_indep/CODIGO/control.vhd, which is not specified as a design file for the current project, but contains definitions for 2 design units and 1 entities in project
    Info (12022): Found design unit 1: control-estructura File: /home/eloi/uni/q5/AC2/labs/LAB3/NUCLEO_camino/COMPONENTES/control/control_indep/CODIGO/control.vhd Line: 23
    Info (12023): Found entity 1: control File: /home/eloi/uni/q5/AC2/labs/LAB3/NUCLEO_camino/COMPONENTES/control/control_indep/CODIGO/control.vhd Line: 15
Info (12128): Elaborating entity "control" for hierarchy "control:controlDE" File: /home/eloi/uni/q5/AC2/labs/LAB3/NUCLEO_camino/ENSAMBLADO/CODIGO/camino_control.vhd Line: 43
Warning (12125): Using design file /home/eloi/uni/q5/AC2/labs/LAB3/NUCLEO_camino/COMPONENTES/control/COMPONENTES/registros/CODIGO/reg1.vhd, which is not specified as a design file for the current project, but contains definitions for 2 design units and 1 entities in project
    Info (12022): Found design unit 1: reg1-comportamiento File: /home/eloi/uni/q5/AC2/labs/LAB3/NUCLEO_camino/COMPONENTES/control/COMPONENTES/registros/CODIGO/reg1.vhd Line: 16
    Info (12023): Found entity 1: reg1 File: /home/eloi/uni/q5/AC2/labs/LAB3/NUCLEO_camino/COMPONENTES/control/COMPONENTES/registros/CODIGO/reg1.vhd Line: 10
Info (12128): Elaborating entity "reg1" for hierarchy "control:controlDE|reg1:estadoreg" File: /home/eloi/uni/q5/AC2/labs/LAB3/NUCLEO_camino/COMPONENTES/control/control_indep/CODIGO/control.vhd Line: 32
Warning (12125): Using design file /home/eloi/uni/q5/AC2/labs/LAB3/NUCLEO_camino/COMPONENTES/control/COMPONENTES/registros/CODIGO/registro.vhd, which is not specified as a design file for the current project, but contains definitions for 2 design units and 1 entities in project
    Info (12022): Found design unit 1: registro-comportamiento File: /home/eloi/uni/q5/AC2/labs/LAB3/NUCLEO_camino/COMPONENTES/control/COMPONENTES/registros/CODIGO/registro.vhd Line: 17
    Info (12023): Found entity 1: registro File: /home/eloi/uni/q5/AC2/labs/LAB3/NUCLEO_camino/COMPONENTES/control/COMPONENTES/registros/CODIGO/registro.vhd Line: 10
Info (12128): Elaborating entity "registro" for hierarchy "control:controlDE|registro:contador" File: /home/eloi/uni/q5/AC2/labs/LAB3/NUCLEO_camino/COMPONENTES/control/control_indep/CODIGO/control.vhd Line: 38
Info (286030): Timing-Driven Synthesis is running
Info (16010): Generating hard_block partition "hard_block:auto_generated_inst"
    Info (16011): Adding 0 node(s), including 0 DDIO, 0 PLL, 0 transceiver and 0 LCELL
Warning (21074): Design contains 19 input pin(s) that do not drive logic
    Warning (15610): No output dependent on input pin "PEini" File: /home/eloi/uni/q5/AC2/labs/LAB3/NUCLEO_camino/ENSAMBLADO/CODIGO/camino_control.vhd Line: 15
    Warning (15610): No output dependent on input pin "IDEini[0]" File: /home/eloi/uni/q5/AC2/labs/LAB3/NUCLEO_camino/ENSAMBLADO/CODIGO/camino_control.vhd Line: 16
    Warning (15610): No output dependent on input pin "IDEini[1]" File: /home/eloi/uni/q5/AC2/labs/LAB3/NUCLEO_camino/ENSAMBLADO/CODIGO/camino_control.vhd Line: 16
    Warning (15610): No output dependent on input pin "IDEini[2]" File: /home/eloi/uni/q5/AC2/labs/LAB3/NUCLEO_camino/ENSAMBLADO/CODIGO/camino_control.vhd Line: 16
    Warning (15610): No output dependent on input pin "IDEini[3]" File: /home/eloi/uni/q5/AC2/labs/LAB3/NUCLEO_camino/ENSAMBLADO/CODIGO/camino_control.vhd Line: 16
    Warning (15610): No output dependent on input pin "IDEini[4]" File: /home/eloi/uni/q5/AC2/labs/LAB3/NUCLEO_camino/ENSAMBLADO/CODIGO/camino_control.vhd Line: 16
    Warning (15610): No output dependent on input pin "DEini[0]" File: /home/eloi/uni/q5/AC2/labs/LAB3/NUCLEO_camino/ENSAMBLADO/CODIGO/camino_control.vhd Line: 17
    Warning (15610): No output dependent on input pin "DEini[1]" File: /home/eloi/uni/q5/AC2/labs/LAB3/NUCLEO_camino/ENSAMBLADO/CODIGO/camino_control.vhd Line: 17
    Warning (15610): No output dependent on input pin "DEini[2]" File: /home/eloi/uni/q5/AC2/labs/LAB3/NUCLEO_camino/ENSAMBLADO/CODIGO/camino_control.vhd Line: 17
    Warning (15610): No output dependent on input pin "DEini[3]" File: /home/eloi/uni/q5/AC2/labs/LAB3/NUCLEO_camino/ENSAMBLADO/CODIGO/camino_control.vhd Line: 17
    Warning (15610): No output dependent on input pin "DEini[4]" File: /home/eloi/uni/q5/AC2/labs/LAB3/NUCLEO_camino/ENSAMBLADO/CODIGO/camino_control.vhd Line: 17
    Warning (15610): No output dependent on input pin "DEini[5]" File: /home/eloi/uni/q5/AC2/labs/LAB3/NUCLEO_camino/ENSAMBLADO/CODIGO/camino_control.vhd Line: 17
    Warning (15610): No output dependent on input pin "DEini[6]" File: /home/eloi/uni/q5/AC2/labs/LAB3/NUCLEO_camino/ENSAMBLADO/CODIGO/camino_control.vhd Line: 17
    Warning (15610): No output dependent on input pin "DEini[7]" File: /home/eloi/uni/q5/AC2/labs/LAB3/NUCLEO_camino/ENSAMBLADO/CODIGO/camino_control.vhd Line: 17
    Warning (15610): No output dependent on input pin "IDL1ini[0]" File: /home/eloi/uni/q5/AC2/labs/LAB3/NUCLEO_camino/ENSAMBLADO/CODIGO/camino_control.vhd Line: 18
    Warning (15610): No output dependent on input pin "IDL1ini[1]" File: /home/eloi/uni/q5/AC2/labs/LAB3/NUCLEO_camino/ENSAMBLADO/CODIGO/camino_control.vhd Line: 18
    Warning (15610): No output dependent on input pin "IDL1ini[2]" File: /home/eloi/uni/q5/AC2/labs/LAB3/NUCLEO_camino/ENSAMBLADO/CODIGO/camino_control.vhd Line: 18
    Warning (15610): No output dependent on input pin "IDL1ini[3]" File: /home/eloi/uni/q5/AC2/labs/LAB3/NUCLEO_camino/ENSAMBLADO/CODIGO/camino_control.vhd Line: 18
    Warning (15610): No output dependent on input pin "IDL1ini[4]" File: /home/eloi/uni/q5/AC2/labs/LAB3/NUCLEO_camino/ENSAMBLADO/CODIGO/camino_control.vhd Line: 18
Info (21057): Implemented 35 device resources after synthesis - the final resource count might be different
    Info (21058): Implemented 22 input pins
    Info (21059): Implemented 1 output pins
    Info (21061): Implemented 12 logic cells
Info: Quartus Prime Analysis & Synthesis was successful. 0 errors, 28 warnings
    Info: Peak virtual memory: 543 megabytes
    Info: Processing ended: Fri Oct 14 15:15:01 2022
    Info: Elapsed time: 00:00:07
    Info: Total CPU time (on all processors): 00:00:18


