Flow report for Rproc_MD_MI_C
Tue Jan  3 21:18:13 2023
Quartus Prime Version 20.1.0 Build 711 06/05/2020 SJ Lite Edition


---------------------
; Table of Contents ;
---------------------
  1. Legal Notice
  2. Flow Summary
  3. Flow Settings
  4. Flow Non-Default Global Settings
  5. Flow Elapsed Time
  6. Flow OS Summary
  7. Flow Log
  8. Flow Messages
  9. Flow Suppressed Messages



----------------
; Legal Notice ;
----------------
Copyright (C) 2020  Intel Corporation. All rights reserved.
Your use of Intel Corporation's design tools, logic functions 
and other software and tools, and any partner logic 
functions, and any output files from any of the foregoing 
(including device programming or simulation files), and any 
associated documentation or information are expressly subject 
to the terms and conditions of the Intel Program License 
Subscription Agreement, the Intel Quartus Prime License Agreement,
the Intel FPGA IP License Agreement, or other applicable license
agreement, including, without limitation, that your use is for
the sole purpose of programming logic devices manufactured by
Intel and sold by Intel or its authorized distributors.  Please
refer to the applicable agreement for further details, at
https://fpgasoftware.intel.com/eula.



+----------------------------------------------------------------------------------+
; Flow Summary                                                                     ;
+------------------------------------+---------------------------------------------+
; Flow Status                        ; Successful - Tue Jan  3 21:18:13 2023       ;
; Quartus Prime Version              ; 20.1.0 Build 711 06/05/2020 SJ Lite Edition ;
; Revision Name                      ; Rproc_MD_MI_C                               ;
; Top-level Entity Name              ; Rproc_MD_MI_C                               ;
; Family                             ; Cyclone IV GX                               ;
; Device                             ; EP4CGX30CF23C6                              ;
; Timing Models                      ; Final                                       ;
; Total logic elements               ; 37 / 29,440 ( < 1 % )                       ;
;     Total combinational functions  ; 37 / 29,440 ( < 1 % )                       ;
;     Dedicated logic registers      ; 31 / 29,440 ( < 1 % )                       ;
; Total registers                    ; 31                                          ;
; Total pins                         ; 3 / 307 ( < 1 % )                           ;
; Total virtual pins                 ; 0                                           ;
; Total memory bits                  ; 0 / 1,105,920 ( 0 % )                       ;
; Embedded Multiplier 9-bit elements ; 0 / 160 ( 0 % )                             ;
; Total GXB Receiver Channel PCS     ; 0 / 4 ( 0 % )                               ;
; Total GXB Receiver Channel PMA     ; 0 / 4 ( 0 % )                               ;
; Total GXB Transmitter Channel PCS  ; 0 / 4 ( 0 % )                               ;
; Total GXB Transmitter Channel PMA  ; 0 / 4 ( 0 % )                               ;
; Total PLLs                         ; 0 / 6 ( 0 % )                               ;
+------------------------------------+---------------------------------------------+


+-----------------------------------------+
; Flow Settings                           ;
+-------------------+---------------------+
; Option            ; Setting             ;
+-------------------+---------------------+
; Start date & time ; 01/03/2023 21:17:47 ;
; Main task         ; Compilation         ;
; Revision Name     ; Rproc_MD_MI_C       ;
+-------------------+---------------------+


+--------------------------------------------------------------------------------------------------------------------------------------------------------------------------------------------------+
; Flow Non-Default Global Settings                                                                                                                                                                 ;
+----------------------------------------+----------------------------------------------------------------------------------------------------+---------------+-------------+----------------------+
; Assignment Name                        ; Value                                                                                              ; Default Value ; Entity Name ; Section Id           ;
+----------------------------------------+----------------------------------------------------------------------------------------------------+---------------+-------------+----------------------+
; COMPILER_SIGNATURE_ID                  ; 71126639310910.167277706739102                                                                     ; --            ; --          ; --                   ;
; EDA_DESIGN_INSTANCE_NAME               ; NA                                                                                                 ; --            ; --          ; prueba_Rproc_MD_MI_C ;
; EDA_NATIVELINK_SIMULATION_SETUP_SCRIPT ; ../PRUEBAS/formato_ventanas.do                                                                     ; --            ; --          ; eda_simulation       ;
; EDA_NATIVELINK_SIMULATION_TEST_BENCH   ; prueba_Rproc_MD_MI_C                                                                               ; --            ; --          ; eda_simulation       ;
; EDA_OUTPUT_DATA_FORMAT                 ; Vhdl                                                                                               ; --            ; --          ; eda_simulation       ;
; EDA_SIMULATION_TOOL                    ; ModelSim-Altera (VHDL)                                                                             ; <None>        ; --          ; --                   ;
; EDA_TEST_BENCH_ENABLE_STATUS           ; TEST_BENCH_MODE                                                                                    ; --            ; --          ; eda_simulation       ;
; EDA_TEST_BENCH_FILE                    ; ../../../../LAB4/PROC_SERIE/UTILIDADES_pkg/generar_impri_instruc_pkg/imprimir_inst_ascii_pkg.vhd   ; --            ; --          ; prueba_Rproc_MD_MI_C ;
; EDA_TEST_BENCH_FILE                    ; ../../../../LAB4/PROC_SERIE/UTILIDADES_pkg/impri_instruc_pkg/deco_Inst_impri_pkg.vhd               ; --            ; --          ; prueba_Rproc_MD_MI_C ;
; EDA_TEST_BENCH_FILE                    ; ../../UTILIDADES_pkg/imprimir_traza_pkg/Rimpri_traza_C_pkg.vhd                                     ; --            ; --          ; prueba_Rproc_MD_MI_C ;
; EDA_TEST_BENCH_FILE                    ; ../../../../LAB4/PROC_SERIE/UTILIDADES_pkg/impri_BR_memoria_pkg/impri_BR_pkg.vhd                   ; --            ; --          ; prueba_Rproc_MD_MI_C ;
; EDA_TEST_BENCH_FILE                    ; ../../../../LAB4/PROC_SERIE/UTILIDADES_pkg/impri_BR_memoria_pkg/impri_MD_pkg.vhd                   ; --            ; --          ; prueba_Rproc_MD_MI_C ;
; EDA_TEST_BENCH_FILE                    ; ../../../../LAB4/PROC_SERIE/UTILIDADES_pkg/impri_BR_memoria_pkg/impri_MI_pkg.vhd                   ; --            ; --          ; prueba_Rproc_MD_MI_C ;
; EDA_TEST_BENCH_FILE                    ; ../PRUEBAS/prueba_Rproc_MD_MI_C.vhd                                                                ; --            ; --          ; prueba_Rproc_MD_MI_C ;
; EDA_TEST_BENCH_MODULE_NAME             ; prueba_Rproc_MD_MI_C                                                                               ; --            ; --          ; prueba_Rproc_MD_MI_C ;
; EDA_TEST_BENCH_NAME                    ; prueba_Rproc_MD_MI_C                                                                               ; --            ; --          ; eda_simulation       ;
; MAX_CORE_JUNCTION_TEMP                 ; 85                                                                                                 ; --            ; --          ; --                   ;
; MIN_CORE_JUNCTION_TEMP                 ; 0                                                                                                  ; --            ; --          ; --                   ;
; NOMINAL_CORE_SUPPLY_VOLTAGE            ; 1.2V                                                                                               ; --            ; --          ; --                   ;
; PARTITION_COLOR                        ; -- (Not supported for targeted family)                                                             ; --            ; --          ; Top                  ;
; PARTITION_FITTER_PRESERVATION_LEVEL    ; -- (Not supported for targeted family)                                                             ; --            ; --          ; Top                  ;
; PARTITION_NETLIST_TYPE                 ; -- (Not supported for targeted family)                                                             ; --            ; --          ; Top                  ;
; POWER_BOARD_THERMAL_MODEL              ; None (CONSERVATIVE)                                                                                ; --            ; --          ; --                   ;
; POWER_PRESET_COOLING_SOLUTION          ; 23 MM HEAT SINK WITH 200 LFPM AIRFLOW                                                              ; --            ; --          ; --                   ;
; PROJECT_OUTPUT_DIRECTORY               ; output_files                                                                                       ; --            ; --          ; --                   ;
; SEARCH_PATH                            ; ../../CONTROL_SEG_CORTOS/COMPONENTES/LDC/CODIGO                                                    ; --            ; --          ; --                   ;
; SEARCH_PATH                            ; ../../../../LAB4/PROC_SERIE/PROCESADOR/CAMINO_DATOS/USecuen/DECS/CODIGO                            ; --            ; --          ; --                   ;
; SEARCH_PATH                            ; ../../../../LAB5/PROC_SEGMENTADO/PROCESADOR/CAMINO_DATOS/USecuen/DECS/CODIGO                       ; --            ; --          ; --                   ;
; SEARCH_PATH                            ; ../../../../LAB5/PROC_SEGMENTADO/MI/memoria_MI/CODIGO                                              ; --            ; --          ; --                   ;
; SEARCH_PATH                            ; ../../../../LAB4/PROC_SERIE/PROCESADOR/CAMINO_DATOS/USecuen/COMPONENTES/acceso_MI/CODIGO           ; --            ; --          ; --                   ;
; SEARCH_PATH                            ; ../../PROCESADOR/CAMINO_DATOS/USecuen/ENSAMBLADO_US/CODIGO                                         ; --            ; --          ; --                   ;
; SEARCH_PATH                            ; ../../../../LAB4/PROC_SERIE/PROCESADOR/CAMINO_DATOS/UCalculo/COMPONENTES/MULTIPLEXORES/CODIGO      ; --            ; --          ; --                   ;
; SEARCH_PATH                            ; ../../../../LAB5/PROC_SEGMENTADO/PROCESADOR/CAMINO_DATOS/UCalculo/COMPONENTES/MULTIPLEXORES/CODIGO ; --            ; --          ; --                   ;
; SEARCH_PATH                            ; ../../PROCESADOR/CAMINO_DATOS/UCalculo/COMPONENTES/MULTIPLEXORES/CODIGO                            ; --            ; --          ; --                   ;
; SEARCH_PATH                            ; ../../../../LAB4/PROC_SERIE/PROCESADOR/CAMINO_DATOS/UCalculo/COMPONENTES/FMTD/CODIGO               ; --            ; --          ; --                   ;
; SEARCH_PATH                            ; ../../../../LAB5/PROC_SEGMENTADO/PROCESADOR/CAMINO_DATOS/UCalculo/COMPONENTES/FMTD/CODIGO          ; --            ; --          ; --                   ;
; SEARCH_PATH                            ; ../../PROCESADOR/CAMINO_DATOS/UCalculo/ENSAMBLADO_UC/CODIGO                                        ; --            ; --          ; --                   ;
; SEARCH_PATH                            ; ../../../../LAB4/PROC_SERIE/PROCESADOR/CAMINO_DATOS/UCalculo/COMPONENTES/BR/CODIGO                 ; --            ; --          ; --                   ;
; SEARCH_PATH                            ; ../../../../LAB5/PROC_SEGMENTADO/PROCESADOR/CAMINO_DATOS/UCalculo/COMPONENTES/BR/CODIGO            ; --            ; --          ; --                   ;
; SEARCH_PATH                            ; ../../../../LAB4/PROC_SERIE/PROCESADOR/CAMINO_DATOS/UCalculo/COMPONENTES/ALU/CODIGO                ; --            ; --          ; --                   ;
; SEARCH_PATH                            ; ../../../../LAB5/PROC_SEGMENTADO/PROCESADOR/CAMINO_DATOS/UCalculo/COMPONENTES/ALU/CODIGO           ; --            ; --          ; --                   ;
; SEARCH_PATH                            ; ../../../../LAB4/PROC_SERIE/PROCESADOR/AUTO_CONTROL/DECODIFICADOR/CODIGO                           ; --            ; --          ; --                   ;
; SEARCH_PATH                            ; ../../../../LAB5/PROC_SEGMENTADO/PROCESADOR/AUTO_CONTROL/DECODIFICADOR/CODIGO                      ; --            ; --          ; --                   ;
; SEARCH_PATH                            ; ../../../../LAB4/PROC_SERIE/PROCESADOR/CAMINO_DATOS/USecuen/COMPONENTES/SUMADOR/CODIGO             ; --            ; --          ; --                   ;
; SEARCH_PATH                            ; ../../../../LAB5/PROC_SEGMENTADO/PROCESADOR/CAMINO_DATOS/USecuen/COMPONENTES/SUMADOR/CODIGO        ; --            ; --          ; --                   ;
; SEARCH_PATH                            ; ../../../../LAB4/PROC_SERIE/PROCESADOR/CAMINO_DATOS/USecuen/COMPONENTES/MULTIPLEXORES/CODIGO       ; --            ; --          ; --                   ;
; SEARCH_PATH                            ; ../../../../LAB5/PROC_SEGMENTADO/PROCESADOR/CAMINO_DATOS/USecuen/COMPONENTES/MULTIPLEXORES/CODIGO  ; --            ; --          ; --                   ;
; SEARCH_PATH                            ; ../../PROCESADOR/CAMINO_DATOS/USecuen/COMPONENTES/MULTIPLEXORES/CODIGO                             ; --            ; --          ; --                   ;
; SEARCH_PATH                            ; ../../../../LAB4/PROC_SERIE/PROCESADOR/CAMINO_DATOS/USecuen/COMPONENTES/FMTS/CODIGO                ; --            ; --          ; --                   ;
; SEARCH_PATH                            ; ../../../../LAB5/PROC_SEGMENTADO/PROCESADOR/CAMINO_DATOS/USecuen/COMPONENTES/FMTS/CODIGO           ; --            ; --          ; --                   ;
; SEARCH_PATH                            ; ../../../../LAB4/PROC_SERIE/PROCESADOR/CAMINO_DATOS/USecuen/COMPONENTES/EVALUACION/CODIGO          ; --            ; --          ; --                   ;
; SEARCH_PATH                            ; ../../../../LAB5/PROC_SEGMENTADO/PROCESADOR/CAMINO_DATOS/USecuen/COMPONENTES/EVALUACION/CODIGO     ; --            ; --          ; --                   ;
; SEARCH_PATH                            ; ../../../../LAB5/PROC_SEGMENTADO/PROCESADOR/CP/CODIGO                                              ; --            ; --          ; --                   ;
; SEARCH_PATH                            ; ../../../../LAB4/PROC_SERIE/PROCESADOR/CAMINO_DATOS/USecuen/COMPONENTES/DECS/CODIGO                ; --            ; --          ; --                   ;
; SEARCH_PATH                            ; ../../../../LAB5/PROC_SEGMENTADO/PROCESADOR/CAMINO_DATOS/USecuen/COMPONENTES/DECS/CODIGO           ; --            ; --          ; --                   ;
; SEARCH_PATH                            ; ../../../../LAB4/PROC_SERIE/PROCESADOR/CAMINO_DATOS/USecuen/COMPONENTES/CUATRO/CODIGO              ; --            ; --          ; --                   ;
; SEARCH_PATH                            ; ../../PROCESADOR/ENSAMBLADO_DECO_UC_US/CODIGO                                                      ; --            ; --          ; --                   ;
; SEARCH_PATH                            ; ../../../../LAB4/PROC_SERIE/MD/COMPONENTES/ELEMENTOS                                               ; --            ; --          ; --                   ;
; SEARCH_PATH                            ; ../../../../LAB4/PROC_SERIE/MD/COMPONENTES/FMTE/COMPONENTES/SELEC_BYTE/CODIGO                      ; --            ; --          ; --                   ;
; SEARCH_PATH                            ; ../../../../LAB4/PROC_SERIE/MD/COMPONENTES/FMTE/COMPONENTES/ALINEARE/CODIGO                        ; --            ; --          ; --                   ;
; SEARCH_PATH                            ; ../../../../LAB4/PROC_SERIE/MD/COMPONENTES/FMTE/ENSAMBLADO_FMTE/CODIGO                             ; --            ; --          ; --                   ;
; SEARCH_PATH                            ; ../../MD/COMPONENTES/FMTE/ENSAMBLADO_FMTE/CODIGO                                                   ; --            ; --          ; --                   ;
; SEARCH_PATH                            ; ../../../../LAB4/PROC_SERIE/MD/COMPONENTES/FMTL/COMPONENTES/SEL_SIGNO/CODIGO                       ; --            ; --          ; --                   ;
; SEARCH_PATH                            ; ../../../../LAB4/PROC_SERIE/MD/COMPONENTES/FMTL/COMPONENTES/EXTSIG/CODIGO                          ; --            ; --          ; --                   ;
; SEARCH_PATH                            ; ../../../../LAB4/PROC_SERIE/MD/COMPONENTES/FMTL/COMPONENTES/ALINEAR/CODIGO                         ; --            ; --          ; --                   ;
; SEARCH_PATH                            ; ../../../../LAB4/PROC_SERIE/MD/COMPONENTES/FMTL/ENSAMBLADO_FMTL/CODIGO                             ; --            ; --          ; --                   ;
; SEARCH_PATH                            ; ../../../../LAB5/PROC_SEGMENTADO/MD/COMPONENTES/FMTL/ENSAMBLADO_FMTL/CODIGO                        ; --            ; --          ; --                   ;
; SEARCH_PATH                            ; ../../../../LAB4/PROC_SERIE/MD/COMPONENTES/ACCESO/CODIGO                                           ; --            ; --          ; --                   ;
; SEARCH_PATH                            ; ../../../../LAB5/PROC_SEGMENTADO/MD/COMPONENTES/ACCESO/CODIGO                                      ; --            ; --          ; --                   ;
; SEARCH_PATH                            ; ../../../../LAB5/PROC_SEGMENTADO/MD/memoria_ram/CODIGO                                             ; --            ; --          ; --                   ;
; SEARCH_PATH                            ; ../../../../LAB4/PROC_SERIE/MI/ENSAMBLADO_componentes_MI/CODIGO                                    ; --            ; --          ; --                   ;
; SEARCH_PATH                            ; ../../../../LAB5/PROC_SEGMENTADO/MI/ENSAMBLADO_componentes_MI/CODIGO                               ; --            ; --          ; --                   ;
; SEARCH_PATH                            ; ../../MD/ENSAMBLADO_compontes_memoria/CODIGO                                                       ; --            ; --          ; --                   ;
; SEARCH_PATH                            ; ../../CORTOCIRCUITOS/CODIGO                                                                        ; --            ; --          ; --                   ;
; SEARCH_PATH                            ; ../../CONTROL_SEG_CORTOS/LIB/CODIGO                                                                ; --            ; --          ; --                   ;
; SEARCH_PATH                            ; ../../../../LAB5/PROC_SEGMENTADO/CONTROL_SEGMENTACION/COMPONENTES/DECO_PBR_opSEC/CODIGO            ; --            ; --          ; --                   ;
; SEARCH_PATH                            ; ../../../../LAB5/PROC_SEGMENTADO/REGISTRO_DESACOPLO/CODIGO                                         ; --            ; --          ; --                   ;
; SEARCH_PATH                            ; ../../CONTROL_SEG_CORTOS/COMPONENTES/LATPROH/CODIGO                                                ; --            ; --          ; --                   ;
; SEARCH_PATH                            ; ../../../../LAB5/PROC_SEGMENTADO/CONTROL_SEGMENTACION/COMPONENTES/VALIDACION/CODIGO                ; --            ; --          ; --                   ;
; SEARCH_PATH                            ; ../../../../LAB5/PROC_SEGMENTADO/CONTROL_SEGMENTACION/COMPONENTES/SENYALES_CNTL/CODIGO             ; --            ; --          ; --                   ;
; SEARCH_PATH                            ; ../../../../LAB5/PROC_SEGMENTADO/CONTROL_SEGMENTACION/COMPONENTES/PUERTAS/CODIGO                   ; --            ; --          ; --                   ;
; SEARCH_PATH                            ; ../../../../LAB5/PROC_SEGMENTADO/CONTROL_SEGMENTACION/COMPONENTES/LDRS/CODIGO                      ; --            ; --          ; --                   ;
; SEARCH_PATH                            ; ../../CONTROL_SEG_CORTOS/COMPONENTES/LDRD/CODIGO                                                   ; --            ; --          ; --                   ;
; SEARCH_PATH                            ; ../../../../LAB5/PROC_SEGMENTADO/CONTROL_SEGMENTACION/COMPONENTES/LDD/CODIGO                       ; --            ; --          ; --                   ;
; SEARCH_PATH                            ; ../../../../LAB5/PROC_SEGMENTADO/CONTROL_SEGMENTACION/COMPONENTES/ENSAM_RS/CODIGO                  ; --            ; --          ; --                   ;
; SEARCH_PATH                            ; ../../CONTROL_SEG_CORTOS/COMPONENTES/ENSAM_RD/CODIGO                                               ; --            ; --          ; --                   ;
; SEARCH_PATH                            ; ../../../../LAB5/PROC_SEGMENTADO/CONTROL_SEGMENTACION/COMPONENTES/COMPARADOR/CODIGO                ; --            ; --          ; --                   ;
; SEARCH_PATH                            ; ../../../../LAB5/PROC_SEGMENTADO/CONTROL_SEGMENTACION/COMPONENTES/LGR/CODIGO                       ; --            ; --          ; --                   ;
+----------------------------------------+----------------------------------------------------------------------------------------------------+---------------+-------------+----------------------+


+--------------------------------------------------------------------------------------------------------------------------+
; Flow Elapsed Time                                                                                                        ;
+----------------------+--------------+-------------------------+---------------------+------------------------------------+
; Module Name          ; Elapsed Time ; Average Processors Used ; Peak Virtual Memory ; Total CPU Time (on all processors) ;
+----------------------+--------------+-------------------------+---------------------+------------------------------------+
; Analysis & Synthesis ; 00:00:11     ; 1.0                     ; 579 MB              ; 00:00:23                           ;
; Fitter               ; 00:00:08     ; 1.0                     ; 1743 MB             ; 00:00:15                           ;
; Assembler            ; 00:00:02     ; 1.0                     ; 428 MB              ; 00:00:02                           ;
; Timing Analyzer      ; 00:00:01     ; 1.0                     ; 596 MB              ; 00:00:01                           ;
; EDA Netlist Writer   ; 00:00:01     ; 1.0                     ; 668 MB              ; 00:00:00                           ;
; Total                ; 00:00:23     ; --                      ; --                  ; 00:00:41                           ;
+----------------------+--------------+-------------------------+---------------------+------------------------------------+


+------------------------------------------------------------------------------------------------+
; Flow OS Summary                                                                                ;
+----------------------+------------------+------------------+------------------+----------------+
; Module Name          ; Machine Hostname ; OS Name          ; OS Version       ; Processor type ;
+----------------------+------------------+------------------+------------------+----------------+
; Analysis & Synthesis ; el01pc           ; Debian GNU/Linux ; Debian GNU/Linux ; x86_64         ;
; Fitter               ; el01pc           ; Debian GNU/Linux ; Debian GNU/Linux ; x86_64         ;
; Assembler            ; el01pc           ; Debian GNU/Linux ; Debian GNU/Linux ; x86_64         ;
; Timing Analyzer      ; el01pc           ; Debian GNU/Linux ; Debian GNU/Linux ; x86_64         ;
; EDA Netlist Writer   ; el01pc           ; Debian GNU/Linux ; Debian GNU/Linux ; x86_64         ;
+----------------------+------------------+------------------+------------------+----------------+


------------
; Flow Log ;
------------
quartus_map --read_settings_files=on --write_settings_files=off Rproc_MD_MI_C -c Rproc_MD_MI_C
quartus_fit --read_settings_files=off --write_settings_files=off Rproc_MD_MI_C -c Rproc_MD_MI_C
quartus_asm --read_settings_files=off --write_settings_files=off Rproc_MD_MI_C -c Rproc_MD_MI_C
quartus_sta Rproc_MD_MI_C -c Rproc_MD_MI_C
quartus_eda --read_settings_files=off --write_settings_files=off Rproc_MD_MI_C -c Rproc_MD_MI_C



