Analysis & Elaboration report for buffer_circular
Mon Oct 17 22:27:34 2022
Quartus Prime Version 20.1.0 Build 711 06/05/2020 SJ Lite Edition


---------------------
; Table of Contents ;
---------------------
  1. Legal Notice
  2. Analysis & Elaboration Summary
  3. Parallel Compilation
  4. Analysis & Elaboration Settings
  5. Port Connectivity Checks: "controlinterface:buffercontrol|acceso:accesoBR|puntero:puntero_cabeza|prxval:prxvalorentpunt|mux:muxpcero"
  6. Port Connectivity Checks: "controlinterface:buffercontrol|acceso:accesoBR|puntero:puntero_cabeza"
  7. Analysis & Elaboration Messages



----------------
; Legal Notice ;
----------------
Copyright (C) 2020  Intel Corporation. All rights reserved.
Your use of Intel Corporation's design tools, logic functions 
and other software and tools, and any partner logic 
functions, and any output files from any of the foregoing 
(including device programming or simulation files), and any 
associated documentation or information are expressly subject 
to the terms and conditions of the Intel Program License 
Subscription Agreement, the Intel Quartus Prime License Agreement,
the Intel FPGA IP License Agreement, or other applicable license
agreement, including, without limitation, that your use is for
the sole purpose of programming logic devices manufactured by
Intel and sold by Intel or its authorized distributors.  Please
refer to the applicable agreement for further details, at
https://fpgasoftware.intel.com/eula.



+----------------------------------------------------------------------------------+
; Analysis & Elaboration Summary                                                   ;
+------------------------------------+---------------------------------------------+
; Analysis & Elaboration Status      ; Successful - Mon Oct 17 22:27:34 2022       ;
; Quartus Prime Version              ; 20.1.0 Build 711 06/05/2020 SJ Lite Edition ;
; Revision Name                      ; buffer_circular                             ;
; Top-level Entity Name              ; buffer_circular                             ;
; Family                             ; Cyclone IV GX                               ;
; Total logic elements               ; N/A until Partition Merge                   ;
;     Total combinational functions  ; N/A until Partition Merge                   ;
;     Dedicated logic registers      ; N/A until Partition Merge                   ;
; Total registers                    ; N/A until Partition Merge                   ;
; Total pins                         ; N/A until Partition Merge                   ;
; Total virtual pins                 ; N/A until Partition Merge                   ;
; Total memory bits                  ; N/A until Partition Merge                   ;
; Embedded Multiplier 9-bit elements ; N/A until Partition Merge                   ;
; Total GXB Receiver Channel PCS     ; N/A until Partition Merge                   ;
; Total GXB Receiver Channel PMA     ; N/A until Partition Merge                   ;
; Total GXB Transmitter Channel PCS  ; N/A until Partition Merge                   ;
; Total GXB Transmitter Channel PMA  ; N/A until Partition Merge                   ;
; Total PLLs                         ; N/A until Partition Merge                   ;
+------------------------------------+---------------------------------------------+


+------------------------------------------+
; Parallel Compilation                     ;
+----------------------------+-------------+
; Processors                 ; Number      ;
+----------------------------+-------------+
; Number detected on machine ; 8           ;
; Maximum allowed            ; 8           ;
;                            ;             ;
; Average used               ; 1.00        ;
; Maximum used               ; 1           ;
;                            ;             ;
; Usage by Processor         ; % Time Used ;
;     Processor 1            ; 100.0%      ;
+----------------------------+-------------+


+------------------------------------------------------------------------------------------------------------+
; Analysis & Elaboration Settings                                                                            ;
+------------------------------------------------------------------+--------------------+--------------------+
; Option                                                           ; Setting            ; Default Value      ;
+------------------------------------------------------------------+--------------------+--------------------+
; Device                                                           ; EP4CGX30CF23C6     ;                    ;
; Top-level entity name                                            ; buffer_circular    ; buffer_circular    ;
; Family name                                                      ; Cyclone IV GX      ; Cyclone V          ;
; Use smart compilation                                            ; Off                ; Off                ;
; Enable parallel Assembler and Timing Analyzer during compilation ; On                 ; On                 ;
; Enable compact report table                                      ; Off                ; Off                ;
; Restructure Multiplexers                                         ; Auto               ; Auto               ;
; Create Debugging Nodes for IP Cores                              ; Off                ; Off                ;
; Preserve fewer node names                                        ; On                 ; On                 ;
; Intel FPGA IP Evaluation Mode                                    ; Enable             ; Enable             ;
; Verilog Version                                                  ; Verilog_2001       ; Verilog_2001       ;
; VHDL Version                                                     ; VHDL_1993          ; VHDL_1993          ;
; State Machine Processing                                         ; Auto               ; Auto               ;
; Safe State Machine                                               ; Off                ; Off                ;
; Extract Verilog State Machines                                   ; On                 ; On                 ;
; Extract VHDL State Machines                                      ; On                 ; On                 ;
; Ignore Verilog initial constructs                                ; Off                ; Off                ;
; Iteration limit for constant Verilog loops                       ; 5000               ; 5000               ;
; Iteration limit for non-constant Verilog loops                   ; 250                ; 250                ;
; Add Pass-Through Logic to Inferred RAMs                          ; On                 ; On                 ;
; Infer RAMs from Raw Logic                                        ; On                 ; On                 ;
; Parallel Synthesis                                               ; On                 ; On                 ;
; DSP Block Balancing                                              ; Auto               ; Auto               ;
; NOT Gate Push-Back                                               ; On                 ; On                 ;
; Power-Up Don't Care                                              ; On                 ; On                 ;
; Remove Redundant Logic Cells                                     ; Off                ; Off                ;
; Remove Duplicate Registers                                       ; On                 ; On                 ;
; Ignore CARRY Buffers                                             ; Off                ; Off                ;
; Ignore CASCADE Buffers                                           ; Off                ; Off                ;
; Ignore GLOBAL Buffers                                            ; Off                ; Off                ;
; Ignore ROW GLOBAL Buffers                                        ; Off                ; Off                ;
; Ignore LCELL Buffers                                             ; Off                ; Off                ;
; Ignore SOFT Buffers                                              ; On                 ; On                 ;
; Limit AHDL Integers to 32 Bits                                   ; Off                ; Off                ;
; Optimization Technique                                           ; Balanced           ; Balanced           ;
; Carry Chain Length                                               ; 70                 ; 70                 ;
; Auto Carry Chains                                                ; On                 ; On                 ;
; Auto Open-Drain Pins                                             ; On                 ; On                 ;
; Perform WYSIWYG Primitive Resynthesis                            ; Off                ; Off                ;
; Auto ROM Replacement                                             ; On                 ; On                 ;
; Auto RAM Replacement                                             ; On                 ; On                 ;
; Auto DSP Block Replacement                                       ; On                 ; On                 ;
; Auto Shift Register Replacement                                  ; Auto               ; Auto               ;
; Allow Shift Register Merging across Hierarchies                  ; Auto               ; Auto               ;
; Auto Clock Enable Replacement                                    ; On                 ; On                 ;
; Strict RAM Replacement                                           ; Off                ; Off                ;
; Allow Synchronous Control Signals                                ; On                 ; On                 ;
; Force Use of Synchronous Clear Signals                           ; Off                ; Off                ;
; Auto RAM Block Balancing                                         ; On                 ; On                 ;
; Auto RAM to Logic Cell Conversion                                ; Off                ; Off                ;
; Auto Resource Sharing                                            ; Off                ; Off                ;
; Allow Any RAM Size For Recognition                               ; Off                ; Off                ;
; Allow Any ROM Size For Recognition                               ; Off                ; Off                ;
; Allow Any Shift Register Size For Recognition                    ; Off                ; Off                ;
; Use LogicLock Constraints during Resource Balancing              ; On                 ; On                 ;
; Ignore translate_off and synthesis_off directives                ; Off                ; Off                ;
; Timing-Driven Synthesis                                          ; On                 ; On                 ;
; Report Parameter Settings                                        ; On                 ; On                 ;
; Report Source Assignments                                        ; On                 ; On                 ;
; Report Connectivity Checks                                       ; On                 ; On                 ;
; Ignore Maximum Fan-Out Assignments                               ; Off                ; Off                ;
; Synchronization Register Chain Length                            ; 2                  ; 2                  ;
; Power Optimization During Synthesis                              ; Normal compilation ; Normal compilation ;
; HDL message level                                                ; Level2             ; Level2             ;
; Suppress Register Optimization Related Messages                  ; Off                ; Off                ;
; Number of Removed Registers Reported in Synthesis Report         ; 5000               ; 5000               ;
; Number of Swept Nodes Reported in Synthesis Report               ; 5000               ; 5000               ;
; Number of Inverted Registers Reported in Synthesis Report        ; 100                ; 100                ;
; Clock MUX Protection                                             ; On                 ; On                 ;
; Auto Gated Clock Conversion                                      ; Off                ; Off                ;
; Block Design Naming                                              ; Auto               ; Auto               ;
; SDC constraint protection                                        ; Off                ; Off                ;
; Synthesis Effort                                                 ; Auto               ; Auto               ;
; Shift Register Replacement - Allow Asynchronous Clear Signal     ; On                 ; On                 ;
; Pre-Mapping Resynthesis Optimization                             ; Off                ; Off                ;
; Analysis & Synthesis Message Level                               ; Medium             ; Medium             ;
; Disable Register Merging Across Hierarchies                      ; Auto               ; Auto               ;
; Resource Aware Inference For Block RAM                           ; On                 ; On                 ;
+------------------------------------------------------------------+--------------------+--------------------+


+---------------------------------------------------------------------------------------------------------------------------------------+
; Port Connectivity Checks: "controlinterface:buffercontrol|acceso:accesoBR|puntero:puntero_cabeza|prxval:prxvalorentpunt|mux:muxpcero" ;
+------+-------+----------+-------------------------------------------------------------------------------------------------------------+
; Port ; Type  ; Severity ; Details                                                                                                     ;
+------+-------+----------+-------------------------------------------------------------------------------------------------------------+
; e1   ; Input ; Info     ; Stuck at GND                                                                                                ;
+------+-------+----------+-------------------------------------------------------------------------------------------------------------+


+--------------------------------------------------------------------------------------------------------------------+
; Port Connectivity Checks: "controlinterface:buffercontrol|acceso:accesoBR|puntero:puntero_cabeza"                  ;
+----------+--------+----------+-------------------------------------------------------------------------------------+
; Port     ; Type   ; Severity ; Details                                                                             ;
+----------+--------+----------+-------------------------------------------------------------------------------------+
; puntincr ; Output ; Info     ; Connected to dangling logic. Logic that only feeds a dangling port will be removed. ;
+----------+--------+----------+-------------------------------------------------------------------------------------+


+---------------------------------+
; Analysis & Elaboration Messages ;
+---------------------------------+
Info: *******************************************************************
Info: Running Quartus Prime Analysis & Elaboration
    Info: Version 20.1.0 Build 711 06/05/2020 SJ Lite Edition
    Info: Processing started: Mon Oct 17 22:27:24 2022
Info: Command: quartus_map --read_settings_files=on --write_settings_files=off buffer_circular -c buffer_circular --analysis_and_elaboration
Warning (18236): Number of processors has not been specified which may cause overloading on shared machines.  Set the global assignment NUM_PARALLEL_PROCESSORS in your QSF to an appropriate value for best performance.
Info (20030): Parallel compilation is enabled and will use 8 of the 8 processors detected
Info (12021): Found 1 design units, including 0 entities, in source file /home/jafeth/uni/ac2/AC2/labs/LAB3/buffer_circular/COMPONENTES/control_interface/COMPONENTES/acceso/puntero/COMPONENTES/prxval/componentes_prxval_pkg/componentes_prxval_pkg.vhd
    Info (12022): Found design unit 1: componentes_prxval_pkg File: /home/jafeth/uni/ac2/AC2/labs/LAB3/buffer_circular/COMPONENTES/control_interface/COMPONENTES/acceso/puntero/COMPONENTES/prxval/componentes_prxval_pkg/componentes_prxval_pkg.vhd Line: 10
Info (12021): Found 1 design units, including 0 entities, in source file /home/jafeth/uni/ac2/AC2/labs/LAB3/buffer_circular/COMPONENTES/control_interface/COMPONENTES/acceso/puntero/componentes_puntero_pkg/componentes_puntero_pkg.vhd
    Info (12022): Found design unit 1: componentes_puntero_pkg File: /home/jafeth/uni/ac2/AC2/labs/LAB3/buffer_circular/COMPONENTES/control_interface/COMPONENTES/acceso/puntero/componentes_puntero_pkg/componentes_puntero_pkg.vhd Line: 10
Info (12021): Found 1 design units, including 0 entities, in source file /home/jafeth/uni/ac2/AC2/labs/LAB3/buffer_circular/COMPONENTES/control_interface/COMPONENTES/acceso/componentes_acceso_pkg/componentes_acceso_pkg.vhd
    Info (12022): Found design unit 1: componentes_acceso_pkg File: /home/jafeth/uni/ac2/AC2/labs/LAB3/buffer_circular/COMPONENTES/control_interface/COMPONENTES/acceso/componentes_acceso_pkg/componentes_acceso_pkg.vhd Line: 10
Info (12021): Found 1 design units, including 0 entities, in source file /home/jafeth/uni/ac2/AC2/labs/LAB3/buffer_circular/COMPONENTES/control_interface/componentes_control_interface_pkg/componentes_control_interface_pkg.vhd
    Info (12022): Found design unit 1: componentes_control_interface_pkg File: /home/jafeth/uni/ac2/AC2/labs/LAB3/buffer_circular/COMPONENTES/control_interface/componentes_control_interface_pkg/componentes_control_interface_pkg.vhd Line: 10
Info (12021): Found 1 design units, including 0 entities, in source file /home/jafeth/uni/ac2/AC2/labs/LAB3/buffer_circular/componentes_buffer_circular_pkg/componentes_buffer_circular_pkg.vhd
    Info (12022): Found design unit 1: componentes_buffer_circular_pkg File: /home/jafeth/uni/ac2/AC2/labs/LAB3/buffer_circular/componentes_buffer_circular_pkg/componentes_buffer_circular_pkg.vhd Line: 10
Info (12021): Found 1 design units, including 0 entities, in source file /home/jafeth/uni/ac2/AC2/labs/LAB3/buffer_circular/tipos_ctes_pkg/retardos_buffer_pkg.vhd
    Info (12022): Found design unit 1: retardos_buffer_pkg File: /home/jafeth/uni/ac2/AC2/labs/LAB3/buffer_circular/tipos_ctes_pkg/retardos_buffer_pkg.vhd Line: 9
Info (12021): Found 1 design units, including 0 entities, in source file /home/jafeth/uni/ac2/AC2/labs/LAB3/buffer_circular/tipos_ctes_pkg/cte_tipos_buffer_pkg.vhd
    Info (12022): Found design unit 1: cte_tipos_buffer_pkg File: /home/jafeth/uni/ac2/AC2/labs/LAB3/buffer_circular/tipos_ctes_pkg/cte_tipos_buffer_pkg.vhd Line: 10
Info (12021): Found 2 design units, including 1 entities, in source file /home/jafeth/uni/ac2/AC2/labs/LAB3/buffer_circular/ENSAMBLADO/CODIGO/buffer_circular.vhd
    Info (12022): Found design unit 1: buffer_circular-estructural File: /home/jafeth/uni/ac2/AC2/labs/LAB3/buffer_circular/ENSAMBLADO/CODIGO/buffer_circular.vhd Line: 22
    Info (12023): Found entity 1: buffer_circular File: /home/jafeth/uni/ac2/AC2/labs/LAB3/buffer_circular/ENSAMBLADO/CODIGO/buffer_circular.vhd Line: 14
Info (12127): Elaborating entity "buffer_circular" for the top level hierarchy
Warning (12125): Using design file /home/jafeth/uni/ac2/AC2/labs/LAB3/buffer_circular/COMPONENTES/BR/CODIGO/BR.vhd, which is not specified as a design file for the current project, but contains definitions for 2 design units and 1 entities in project
    Info (12022): Found design unit 1: BR-rtl File: /home/jafeth/uni/ac2/AC2/labs/LAB3/buffer_circular/COMPONENTES/BR/CODIGO/BR.vhd Line: 22
    Info (12023): Found entity 1: BR File: /home/jafeth/uni/ac2/AC2/labs/LAB3/buffer_circular/COMPONENTES/BR/CODIGO/BR.vhd Line: 13
Info (12128): Elaborating entity "BR" for hierarchy "BR:bancoregistros" File: /home/jafeth/uni/ac2/AC2/labs/LAB3/buffer_circular/ENSAMBLADO/CODIGO/buffer_circular.vhd Line: 28
Warning (12125): Using design file /home/jafeth/uni/ac2/AC2/labs/LAB3/buffer_circular/COMPONENTES/control_interface/ENSAMBLADO/CODIGO/controlinterface.vhd, which is not specified as a design file for the current project, but contains definitions for 2 design units and 1 entities in project
    Info (12022): Found design unit 1: controlinterface-estruc File: /home/jafeth/uni/ac2/AC2/labs/LAB3/buffer_circular/COMPONENTES/control_interface/ENSAMBLADO/CODIGO/controlinterface.vhd Line: 24
    Info (12023): Found entity 1: controlinterface File: /home/jafeth/uni/ac2/AC2/labs/LAB3/buffer_circular/COMPONENTES/control_interface/ENSAMBLADO/CODIGO/controlinterface.vhd Line: 12
Info (12128): Elaborating entity "controlinterface" for hierarchy "controlinterface:buffercontrol" File: /home/jafeth/uni/ac2/AC2/labs/LAB3/buffer_circular/ENSAMBLADO/CODIGO/buffer_circular.vhd Line: 30
Warning (12125): Using design file /home/jafeth/uni/ac2/AC2/labs/LAB3/buffer_circular/COMPONENTES/control_interface/COMPONENTES/acceso/ENSAMBLADO/CODIGO/acceso.vhd, which is not specified as a design file for the current project, but contains definitions for 2 design units and 1 entities in project
    Info (12022): Found design unit 1: acceso-estruc File: /home/jafeth/uni/ac2/AC2/labs/LAB3/buffer_circular/COMPONENTES/control_interface/COMPONENTES/acceso/ENSAMBLADO/CODIGO/acceso.vhd Line: 23
    Info (12023): Found entity 1: acceso File: /home/jafeth/uni/ac2/AC2/labs/LAB3/buffer_circular/COMPONENTES/control_interface/COMPONENTES/acceso/ENSAMBLADO/CODIGO/acceso.vhd Line: 12
Info (12128): Elaborating entity "acceso" for hierarchy "controlinterface:buffercontrol|acceso:accesoBR" File: /home/jafeth/uni/ac2/AC2/labs/LAB3/buffer_circular/COMPONENTES/control_interface/ENSAMBLADO/CODIGO/controlinterface.vhd Line: 35
Warning (10036): Verilog HDL or VHDL warning at acceso.vhd(25): object "prx_punt_cabeza" assigned a value but never read File: /home/jafeth/uni/ac2/AC2/labs/LAB3/buffer_circular/COMPONENTES/control_interface/COMPONENTES/acceso/ENSAMBLADO/CODIGO/acceso.vhd Line: 25
Warning (12125): Using design file /home/jafeth/uni/ac2/AC2/labs/LAB3/buffer_circular/COMPONENTES/control_interface/COMPONENTES/acceso/puntero/ENSAMBLADO/CODIGO/puntero.vhd, which is not specified as a design file for the current project, but contains definitions for 2 design units and 1 entities in project
    Info (12022): Found design unit 1: puntero-estruc File: /home/jafeth/uni/ac2/AC2/labs/LAB3/buffer_circular/COMPONENTES/control_interface/COMPONENTES/acceso/puntero/ENSAMBLADO/CODIGO/puntero.vhd Line: 19
    Info (12023): Found entity 1: puntero File: /home/jafeth/uni/ac2/AC2/labs/LAB3/buffer_circular/COMPONENTES/control_interface/COMPONENTES/acceso/puntero/ENSAMBLADO/CODIGO/puntero.vhd Line: 12
Info (12128): Elaborating entity "puntero" for hierarchy "controlinterface:buffercontrol|acceso:accesoBR|puntero:puntero_cabeza" File: /home/jafeth/uni/ac2/AC2/labs/LAB3/buffer_circular/COMPONENTES/control_interface/COMPONENTES/acceso/ENSAMBLADO/CODIGO/acceso.vhd Line: 32
Warning (12125): Using design file /home/jafeth/uni/ac2/AC2/labs/LAB3/buffer_circular/COMPONENTES/control_interface/COMPONENTES/acceso/puntero/COMPONENTES/cnt_bin/CODIGO/cntbin.vhd, which is not specified as a design file for the current project, but contains definitions for 2 design units and 1 entities in project
    Info (12022): Found design unit 1: cntbin-compor File: /home/jafeth/uni/ac2/AC2/labs/LAB3/buffer_circular/COMPONENTES/control_interface/COMPONENTES/acceso/puntero/COMPONENTES/cnt_bin/CODIGO/cntbin.vhd Line: 18
    Info (12023): Found entity 1: cntbin File: /home/jafeth/uni/ac2/AC2/labs/LAB3/buffer_circular/COMPONENTES/control_interface/COMPONENTES/acceso/puntero/COMPONENTES/cnt_bin/CODIGO/cntbin.vhd Line: 13
Info (12128): Elaborating entity "cntbin" for hierarchy "controlinterface:buffercontrol|acceso:accesoBR|puntero:puntero_cabeza|cntbin:contadorbinario" File: /home/jafeth/uni/ac2/AC2/labs/LAB3/buffer_circular/COMPONENTES/control_interface/COMPONENTES/acceso/puntero/ENSAMBLADO/CODIGO/puntero.vhd Line: 25
Warning (12125): Using design file /home/jafeth/uni/ac2/AC2/labs/LAB3/buffer_circular/COMPONENTES/control_interface/COMPONENTES/acceso/puntero/COMPONENTES/prxval/ENSAMBLADO/CODIGO/prxval.vhd, which is not specified as a design file for the current project, but contains definitions for 2 design units and 1 entities in project
    Info (12022): Found design unit 1: prxval-estruc File: /home/jafeth/uni/ac2/AC2/labs/LAB3/buffer_circular/COMPONENTES/control_interface/COMPONENTES/acceso/puntero/COMPONENTES/prxval/ENSAMBLADO/CODIGO/prxval.vhd Line: 19
    Info (12023): Found entity 1: prxval File: /home/jafeth/uni/ac2/AC2/labs/LAB3/buffer_circular/COMPONENTES/control_interface/COMPONENTES/acceso/puntero/COMPONENTES/prxval/ENSAMBLADO/CODIGO/prxval.vhd Line: 13
Info (12128): Elaborating entity "prxval" for hierarchy "controlinterface:buffercontrol|acceso:accesoBR|puntero:puntero_cabeza|prxval:prxvalorentpunt" File: /home/jafeth/uni/ac2/AC2/labs/LAB3/buffer_circular/COMPONENTES/control_interface/COMPONENTES/acceso/puntero/ENSAMBLADO/CODIGO/puntero.vhd Line: 29
Warning (12090): Entity "mux" obtained from "mux.vhd" instead of from Quartus Prime megafunction library File: /home/jafeth/uni/ac2/AC2/labs/LAB3/buffer_circular/COMPONENTES/control_interface/COMPONENTES/acceso/puntero/COMPONENTES/prxval/COMPONENTES/mux/CODIGO/mux.vhd Line: 12
Warning (12125): Using design file /home/jafeth/uni/ac2/AC2/labs/LAB3/buffer_circular/COMPONENTES/control_interface/COMPONENTES/acceso/puntero/COMPONENTES/prxval/COMPONENTES/mux/CODIGO/mux.vhd, which is not specified as a design file for the current project, but contains definitions for 2 design units and 1 entities in project
    Info (12022): Found design unit 1: mux-compor File: /home/jafeth/uni/ac2/AC2/labs/LAB3/buffer_circular/COMPONENTES/control_interface/COMPONENTES/acceso/puntero/COMPONENTES/prxval/COMPONENTES/mux/CODIGO/mux.vhd Line: 18
    Info (12023): Found entity 1: mux File: /home/jafeth/uni/ac2/AC2/labs/LAB3/buffer_circular/COMPONENTES/control_interface/COMPONENTES/acceso/puntero/COMPONENTES/prxval/COMPONENTES/mux/CODIGO/mux.vhd Line: 12
Info (12128): Elaborating entity "mux" for hierarchy "controlinterface:buffercontrol|acceso:accesoBR|puntero:puntero_cabeza|prxval:prxvalorentpunt|mux:muxent" File: /home/jafeth/uni/ac2/AC2/labs/LAB3/buffer_circular/COMPONENTES/control_interface/COMPONENTES/acceso/puntero/COMPONENTES/prxval/ENSAMBLADO/CODIGO/prxval.vhd Line: 26
Warning (12125): Using design file /home/jafeth/uni/ac2/AC2/labs/LAB3/buffer_circular/COMPONENTES/control_interface/COMPONENTES/acceso/puntero/COMPONENTES/registro/CODIGO/reg.vhd, which is not specified as a design file for the current project, but contains definitions for 2 design units and 1 entities in project
    Info (12022): Found design unit 1: reg-compor File: /home/jafeth/uni/ac2/AC2/labs/LAB3/buffer_circular/COMPONENTES/control_interface/COMPONENTES/acceso/puntero/COMPONENTES/registro/CODIGO/reg.vhd Line: 17
    Info (12023): Found entity 1: reg File: /home/jafeth/uni/ac2/AC2/labs/LAB3/buffer_circular/COMPONENTES/control_interface/COMPONENTES/acceso/puntero/COMPONENTES/registro/CODIGO/reg.vhd Line: 11
Info (12128): Elaborating entity "reg" for hierarchy "controlinterface:buffercontrol|acceso:accesoBR|puntero:puntero_cabeza|reg:estadopuntero" File: /home/jafeth/uni/ac2/AC2/labs/LAB3/buffer_circular/COMPONENTES/control_interface/COMPONENTES/acceso/puntero/ENSAMBLADO/CODIGO/puntero.vhd Line: 31
Warning (12125): Using design file /home/jafeth/uni/ac2/AC2/labs/LAB3/buffer_circular/COMPONENTES/control_interface/COMPONENTES/control/CODIGO/control.vhd, which is not specified as a design file for the current project, but contains definitions for 2 design units and 1 entities in project
    Info (12022): Found design unit 1: control-compor File: /home/jafeth/uni/ac2/AC2/labs/LAB3/buffer_circular/COMPONENTES/control_interface/COMPONENTES/control/CODIGO/control.vhd Line: 20
    Info (12023): Found entity 1: control File: /home/jafeth/uni/ac2/AC2/labs/LAB3/buffer_circular/COMPONENTES/control_interface/COMPONENTES/control/CODIGO/control.vhd Line: 13
Info (12128): Elaborating entity "control" for hierarchy "controlinterface:buffercontrol|control:condi_control" File: /home/jafeth/uni/ac2/AC2/labs/LAB3/buffer_circular/COMPONENTES/control_interface/ENSAMBLADO/CODIGO/controlinterface.vhd Line: 37
Warning (12125): Using design file /home/jafeth/uni/ac2/AC2/labs/LAB3/buffer_circular/COMPONENTES/control_interface/COMPONENTES/interface/CODIGO/interface.vhd, which is not specified as a design file for the current project, but contains definitions for 2 design units and 1 entities in project
    Info (12022): Found design unit 1: interface-compor File: /home/jafeth/uni/ac2/AC2/labs/LAB3/buffer_circular/COMPONENTES/control_interface/COMPONENTES/interface/CODIGO/interface.vhd Line: 18
    Info (12023): Found entity 1: interface File: /home/jafeth/uni/ac2/AC2/labs/LAB3/buffer_circular/COMPONENTES/control_interface/COMPONENTES/interface/CODIGO/interface.vhd Line: 11
Info (12128): Elaborating entity "interface" for hierarchy "controlinterface:buffercontrol|interface:interfaceC" File: /home/jafeth/uni/ac2/AC2/labs/LAB3/buffer_circular/COMPONENTES/control_interface/ENSAMBLADO/CODIGO/controlinterface.vhd Line: 39
Info: Quartus Prime Analysis & Elaboration was successful. 0 errors, 13 warnings
    Info: Peak virtual memory: 798 megabytes
    Info: Processing ended: Mon Oct 17 22:27:34 2022
    Info: Elapsed time: 00:00:10
    Info: Total CPU time (on all processors): 00:00:28


