Analysis & Synthesis report for LIB
Sat Dec 10 18:15:18 2022
Quartus Prime Version 20.1.0 Build 711 06/05/2020 SJ Lite Edition


---------------------
; Table of Contents ;
---------------------
  1. Legal Notice
  2. Analysis & Synthesis Summary
  3. Analysis & Synthesis Settings
  4. Parallel Compilation
  5. Analysis & Synthesis Source Files Read
  6. Analysis & Synthesis Resource Usage Summary
  7. Analysis & Synthesis Resource Utilization by Entity
  8. General Register Statistics
  9. Parameter Settings for User Entity Instance: RdecoPBRopSEC:R_decPBRSEC|RDB_N:RDDL3_instrucDL
 10. Parameter Settings for User Entity Instance: ensam_RD:R_dat|senya_cntlRD:senyales_cntl|RDI_N:RDA4_rd
 11. Parameter Settings for User Entity Instance: ensam_RD:R_dat|senya_cntlRD:senyales_cntl|RD_N:RDM5_rd
 12. Parameter Settings for User Entity Instance: ensam_RD:R_dat|senya_cntlRD:senyales_cntl|RD_N:RD6_rd
 13. Parameter Settings for User Entity Instance: ensam_RD:R_dat|senya_cntlRD:senyales_cntl|RD_N:RDE7_rd
 14. Parameter Settings for User Entity Instance: ensam_RS:R_Sec|senya_cntlRS:senyales_cntl|RDI_N:RDA4_opsec
 15. Post-Synthesis Netlist Statistics for Top Partition
 16. Elapsed Time Per Partition
 17. Analysis & Synthesis Messages



----------------
; Legal Notice ;
----------------
Copyright (C) 2020  Intel Corporation. All rights reserved.
Your use of Intel Corporation's design tools, logic functions 
and other software and tools, and any partner logic 
functions, and any output files from any of the foregoing 
(including device programming or simulation files), and any 
associated documentation or information are expressly subject 
to the terms and conditions of the Intel Program License 
Subscription Agreement, the Intel Quartus Prime License Agreement,
the Intel FPGA IP License Agreement, or other applicable license
agreement, including, without limitation, that your use is for
the sole purpose of programming logic devices manufactured by
Intel and sold by Intel or its authorized distributors.  Please
refer to the applicable agreement for further details, at
https://fpgasoftware.intel.com/eula.



+----------------------------------------------------------------------------------+
; Analysis & Synthesis Summary                                                     ;
+------------------------------------+---------------------------------------------+
; Analysis & Synthesis Status        ; Successful - Sat Dec 10 18:15:18 2022       ;
; Quartus Prime Version              ; 20.1.0 Build 711 06/05/2020 SJ Lite Edition ;
; Revision Name                      ; LIB                                         ;
; Top-level Entity Name              ; LIB                                         ;
; Family                             ; Cyclone IV GX                               ;
; Total logic elements               ; 0                                           ;
;     Total combinational functions  ; 0                                           ;
;     Dedicated logic registers      ; 0                                           ;
; Total registers                    ; 0                                           ;
; Total pins                         ; 40                                          ;
; Total virtual pins                 ; 0                                           ;
; Total memory bits                  ; 0                                           ;
; Embedded Multiplier 9-bit elements ; 0                                           ;
; Total GXB Receiver Channel PCS     ; 0                                           ;
; Total GXB Receiver Channel PMA     ; 0                                           ;
; Total GXB Transmitter Channel PCS  ; 0                                           ;
; Total GXB Transmitter Channel PMA  ; 0                                           ;
; Total PLLs                         ; 0                                           ;
+------------------------------------+---------------------------------------------+


+------------------------------------------------------------------------------------------------------------+
; Analysis & Synthesis Settings                                                                              ;
+------------------------------------------------------------------+--------------------+--------------------+
; Option                                                           ; Setting            ; Default Value      ;
+------------------------------------------------------------------+--------------------+--------------------+
; Device                                                           ; EP4CGX30CF23C6     ;                    ;
; Top-level entity name                                            ; LIB                ; LIB                ;
; Family name                                                      ; Cyclone IV GX      ; Cyclone V          ;
; Use smart compilation                                            ; Off                ; Off                ;
; Enable parallel Assembler and Timing Analyzer during compilation ; On                 ; On                 ;
; Enable compact report table                                      ; Off                ; Off                ;
; Restructure Multiplexers                                         ; Auto               ; Auto               ;
; Create Debugging Nodes for IP Cores                              ; Off                ; Off                ;
; Preserve fewer node names                                        ; On                 ; On                 ;
; Intel FPGA IP Evaluation Mode                                    ; Enable             ; Enable             ;
; Verilog Version                                                  ; Verilog_2001       ; Verilog_2001       ;
; VHDL Version                                                     ; VHDL_1993          ; VHDL_1993          ;
; State Machine Processing                                         ; Auto               ; Auto               ;
; Safe State Machine                                               ; Off                ; Off                ;
; Extract Verilog State Machines                                   ; On                 ; On                 ;
; Extract VHDL State Machines                                      ; On                 ; On                 ;
; Ignore Verilog initial constructs                                ; Off                ; Off                ;
; Iteration limit for constant Verilog loops                       ; 5000               ; 5000               ;
; Iteration limit for non-constant Verilog loops                   ; 250                ; 250                ;
; Add Pass-Through Logic to Inferred RAMs                          ; On                 ; On                 ;
; Infer RAMs from Raw Logic                                        ; On                 ; On                 ;
; Parallel Synthesis                                               ; On                 ; On                 ;
; DSP Block Balancing                                              ; Auto               ; Auto               ;
; NOT Gate Push-Back                                               ; On                 ; On                 ;
; Power-Up Don't Care                                              ; On                 ; On                 ;
; Remove Redundant Logic Cells                                     ; Off                ; Off                ;
; Remove Duplicate Registers                                       ; On                 ; On                 ;
; Ignore CARRY Buffers                                             ; Off                ; Off                ;
; Ignore CASCADE Buffers                                           ; Off                ; Off                ;
; Ignore GLOBAL Buffers                                            ; Off                ; Off                ;
; Ignore ROW GLOBAL Buffers                                        ; Off                ; Off                ;
; Ignore LCELL Buffers                                             ; Off                ; Off                ;
; Ignore SOFT Buffers                                              ; On                 ; On                 ;
; Limit AHDL Integers to 32 Bits                                   ; Off                ; Off                ;
; Optimization Technique                                           ; Balanced           ; Balanced           ;
; Carry Chain Length                                               ; 70                 ; 70                 ;
; Auto Carry Chains                                                ; On                 ; On                 ;
; Auto Open-Drain Pins                                             ; On                 ; On                 ;
; Perform WYSIWYG Primitive Resynthesis                            ; Off                ; Off                ;
; Auto ROM Replacement                                             ; On                 ; On                 ;
; Auto RAM Replacement                                             ; On                 ; On                 ;
; Auto DSP Block Replacement                                       ; On                 ; On                 ;
; Auto Shift Register Replacement                                  ; Auto               ; Auto               ;
; Allow Shift Register Merging across Hierarchies                  ; Auto               ; Auto               ;
; Auto Clock Enable Replacement                                    ; On                 ; On                 ;
; Strict RAM Replacement                                           ; Off                ; Off                ;
; Allow Synchronous Control Signals                                ; On                 ; On                 ;
; Force Use of Synchronous Clear Signals                           ; Off                ; Off                ;
; Auto RAM Block Balancing                                         ; On                 ; On                 ;
; Auto RAM to Logic Cell Conversion                                ; Off                ; Off                ;
; Auto Resource Sharing                                            ; Off                ; Off                ;
; Allow Any RAM Size For Recognition                               ; Off                ; Off                ;
; Allow Any ROM Size For Recognition                               ; Off                ; Off                ;
; Allow Any Shift Register Size For Recognition                    ; Off                ; Off                ;
; Use LogicLock Constraints during Resource Balancing              ; On                 ; On                 ;
; Ignore translate_off and synthesis_off directives                ; Off                ; Off                ;
; Timing-Driven Synthesis                                          ; On                 ; On                 ;
; Report Parameter Settings                                        ; On                 ; On                 ;
; Report Source Assignments                                        ; On                 ; On                 ;
; Report Connectivity Checks                                       ; On                 ; On                 ;
; Ignore Maximum Fan-Out Assignments                               ; Off                ; Off                ;
; Synchronization Register Chain Length                            ; 2                  ; 2                  ;
; Power Optimization During Synthesis                              ; Normal compilation ; Normal compilation ;
; HDL message level                                                ; Level2             ; Level2             ;
; Suppress Register Optimization Related Messages                  ; Off                ; Off                ;
; Number of Removed Registers Reported in Synthesis Report         ; 5000               ; 5000               ;
; Number of Swept Nodes Reported in Synthesis Report               ; 5000               ; 5000               ;
; Number of Inverted Registers Reported in Synthesis Report        ; 100                ; 100                ;
; Clock MUX Protection                                             ; On                 ; On                 ;
; Auto Gated Clock Conversion                                      ; Off                ; Off                ;
; Block Design Naming                                              ; Auto               ; Auto               ;
; SDC constraint protection                                        ; Off                ; Off                ;
; Synthesis Effort                                                 ; Auto               ; Auto               ;
; Shift Register Replacement - Allow Asynchronous Clear Signal     ; On                 ; On                 ;
; Pre-Mapping Resynthesis Optimization                             ; Off                ; Off                ;
; Analysis & Synthesis Message Level                               ; Medium             ; Medium             ;
; Disable Register Merging Across Hierarchies                      ; Auto               ; Auto               ;
; Resource Aware Inference For Block RAM                           ; On                 ; On                 ;
+------------------------------------------------------------------+--------------------+--------------------+


+------------------------------------------+
; Parallel Compilation                     ;
+----------------------------+-------------+
; Processors                 ; Number      ;
+----------------------------+-------------+
; Number detected on machine ; 8           ;
; Maximum allowed            ; 8           ;
;                            ;             ;
; Average used               ; 1.00        ;
; Maximum used               ; 1           ;
;                            ;             ;
; Usage by Processor         ; % Time Used ;
;     Processor 1            ; 100.0%      ;
+----------------------------+-------------+


+-----------------------------------------------------------------------------------------------------------------------------------------------------------------------------------------------------------------------------------------------------------------------+
; Analysis & Synthesis Source Files Read                                                                                                                                                                                                                                ;
+--------------------------------------------------------------------------------+-----------------+-----------------------+----------------------------------------------------------------------------------------------------------------------------------+---------+
; File Name with User-Entered Path                                               ; Used in Netlist ; File Type             ; File Name with Absolute Path                                                                                                     ; Library ;
+--------------------------------------------------------------------------------+-----------------+-----------------------+----------------------------------------------------------------------------------------------------------------------------------+---------+
; ../../../../../LAB4/PROC_SERIE/tipos_constantes_pkg/cte_tipos_UF_pkg.vhd       ; yes             ; User VHDL File        ; /home/eloi/Documents/AC2/labs/LAB4/PROC_SERIE/tipos_constantes_pkg/cte_tipos_UF_pkg.vhd                                          ;         ;
; ../../../tipos_constantes_pkg/retardos_RegDes_pkg.vhd                          ; yes             ; User VHDL File        ; /home/eloi/Documents/AC2/labs/LAB5/PROC_SEGMENTADO/tipos_constantes_pkg/retardos_RegDes_pkg.vhd                                  ;         ;
; ../../../../../LAB4/PROC_SERIE/tipos_constantes_pkg/riscv32_coop_funct_pkg.vhd ; yes             ; User VHDL File        ; /home/eloi/Documents/AC2/labs/LAB4/PROC_SERIE/tipos_constantes_pkg/riscv32_coop_funct_pkg.vhd                                    ;         ;
; ../../../REGISTRO_DESACOPLO/RegDes_pkg/RegDes_pkg.vhd                          ; yes             ; User VHDL File        ; /home/eloi/Documents/AC2/labs/LAB5/PROC_SEGMENTADO/REGISTRO_DESACOPLO/RegDes_pkg/RegDes_pkg.vhd                                  ;         ;
; ../../componentes_cntl_seg_pkg/componentes_control_seg_pkg.vhd                 ; yes             ; User VHDL File        ; /home/eloi/Documents/AC2/labs/LAB5/PROC_SEGMENTADO/CONTROL_SEGMENTACION/componentes_cntl_seg_pkg/componentes_control_seg_pkg.vhd ;         ;
; ../../../tipos_constantes_pkg/retardos_cntl_seg_pkg.vhd                        ; yes             ; User VHDL File        ; /home/eloi/Documents/AC2/labs/LAB5/PROC_SEGMENTADO/tipos_constantes_pkg/retardos_cntl_seg_pkg.vhd                                ;         ;
; ../../../tipos_constantes_pkg/cte_tipos_deco_camino_pkg.vhd                    ; yes             ; User VHDL File        ; /home/eloi/Documents/AC2/labs/LAB5/PROC_SEGMENTADO/tipos_constantes_pkg/cte_tipos_deco_camino_pkg.vhd                            ;         ;
; ../../../../../LAB4/PROC_SERIE/tipos_constantes_pkg/param_disenyo_pkg.vhd      ; yes             ; User VHDL File        ; /home/eloi/Documents/AC2/labs/LAB4/PROC_SERIE/tipos_constantes_pkg/param_disenyo_pkg.vhd                                         ;         ;
; ../CODIGO/LIB.vhd                                                              ; yes             ; User VHDL File        ; /home/eloi/Documents/AC2/labs/LAB5/PROC_SEGMENTADO/CONTROL_SEGMENTACION/LIB/CODIGO/LIB.vhd                                       ;         ;
; RdecoPBRopSEC.vhd                                                              ; yes             ; Auto-Found VHDL File  ; /home/eloi/Documents/AC2/labs/LAB5/PROC_SEGMENTADO/CONTROL_SEGMENTACION/COMPONENTES/DECO_PBR_opSEC/CODIGO/RdecoPBRopSEC.vhd      ;         ;
; RDB_N.vhd                                                                      ; yes             ; Auto-Found VHDL File  ; /home/eloi/Documents/AC2/labs/LAB5/PROC_SEGMENTADO/REGISTRO_DESACOPLO/CODIGO/RDB_N.vhd                                           ;         ;
; decoPBRopSEC.vhd                                                               ; yes             ; Auto-Found VHDL File  ; /home/eloi/Documents/AC2/labs/LAB5/PROC_SEGMENTADO/CONTROL_SEGMENTACION/COMPONENTES/DECO_PBR_opSEC/CODIGO/decoPBRopSEC.vhd       ;         ;
; ensam_RD.vhd                                                                   ; yes             ; Auto-Found VHDL File  ; /home/eloi/Documents/AC2/labs/LAB5/PROC_SEGMENTADO/CONTROL_SEGMENTACION/COMPONENTES/ENSAM_RD/CODIGO/ensam_RD.vhd                 ;         ;
; senya_cntlRD.vhd                                                               ; yes             ; Auto-Found VHDL File  ; /home/eloi/Documents/AC2/labs/LAB5/PROC_SEGMENTADO/CONTROL_SEGMENTACION/COMPONENTES/SENYALES_CNTL/CODIGO/senya_cntlRD.vhd        ;         ;
; RDI_N.vhd                                                                      ; yes             ; Auto-Found VHDL File  ; /home/eloi/Documents/AC2/labs/LAB5/PROC_SEGMENTADO/REGISTRO_DESACOPLO/CODIGO/RDI_N.vhd                                           ;         ;
; RD_N.vhd                                                                       ; yes             ; Auto-Found VHDL File  ; /home/eloi/Documents/AC2/labs/LAB5/PROC_SEGMENTADO/REGISTRO_DESACOPLO/CODIGO/RD_N.vhd                                            ;         ;
; RDI_1.vhd                                                                      ; yes             ; Auto-Found VHDL File  ; /home/eloi/Documents/AC2/labs/LAB5/PROC_SEGMENTADO/REGISTRO_DESACOPLO/CODIGO/RDI_1.vhd                                           ;         ;
; RD_1.vhd                                                                       ; yes             ; Auto-Found VHDL File  ; /home/eloi/Documents/AC2/labs/LAB5/PROC_SEGMENTADO/REGISTRO_DESACOPLO/CODIGO/RD_1.vhd                                            ;         ;
; valreg.vhd                                                                     ; yes             ; Auto-Found VHDL File  ; /home/eloi/Documents/AC2/labs/LAB5/PROC_SEGMENTADO/CONTROL_SEGMENTACION/COMPONENTES/VALIDACION/CODIGO/valreg.vhd                 ;         ;
; LDD.vhd                                                                        ; yes             ; Auto-Found VHDL File  ; /home/eloi/Documents/AC2/labs/LAB5/PROC_SEGMENTADO/CONTROL_SEGMENTACION/COMPONENTES/LDD/CODIGO/LDD.vhd                           ;         ;
; LDRD.vhd                                                                       ; yes             ; Auto-Found VHDL File  ; /home/eloi/Documents/AC2/labs/LAB5/PROC_SEGMENTADO/CONTROL_SEGMENTACION/COMPONENTES/LDRD/CODIGO/LDRD.vhd                         ;         ;
; ensam_RS.vhd                                                                   ; yes             ; Auto-Found VHDL File  ; /home/eloi/Documents/AC2/labs/LAB5/PROC_SEGMENTADO/CONTROL_SEGMENTACION/COMPONENTES/ENSAM_RS/CODIGO/ensam_RS.vhd                 ;         ;
; senya_cntlRS.vhd                                                               ; yes             ; Auto-Found VHDL File  ; /home/eloi/Documents/AC2/labs/LAB5/PROC_SEGMENTADO/CONTROL_SEGMENTACION/COMPONENTES/SENYALES_CNTL/CODIGO/senya_cntlRS.vhd        ;         ;
; LDRS.vhd                                                                       ; yes             ; Auto-Found VHDL File  ; /home/eloi/Documents/AC2/labs/LAB5/PROC_SEGMENTADO/CONTROL_SEGMENTACION/COMPONENTES/LDRS/CODIGO/LDRS.vhd                         ;         ;
; LGR.vhd                                                                        ; yes             ; Auto-Found VHDL File  ; /home/eloi/Documents/AC2/labs/LAB5/PROC_SEGMENTADO/CONTROL_SEGMENTACION/COMPONENTES/LGR/CODIGO/LGR.vhd                           ;         ;
+--------------------------------------------------------------------------------+-----------------+-----------------------+----------------------------------------------------------------------------------------------------------------------------------+---------+


+---------------------------------------------+
; Analysis & Synthesis Resource Usage Summary ;
+--------------------------+------------------+
; Resource                 ; Usage            ;
+--------------------------+------------------+
; I/O pins                 ; 40               ;
;                          ;                  ;
; DSP block 9-bit elements ; 0                ;
;                          ;                  ;
; Maximum fan-out node     ; reloj            ;
; Maximum fan-out          ; 1                ;
; Total fan-out            ; 40               ;
; Average fan-out          ; 0.50             ;
+--------------------------+------------------+


+----------------------------------------------------------------------------------------------------------------------------------------------------------------------------------------------------------------------+
; Analysis & Synthesis Resource Utilization by Entity                                                                                                                                                                  ;
+----------------------------+---------------------+---------------------------+-------------+--------------+---------+-----------+-----------+------+--------------+---------------------+-------------+--------------+
; Compilation Hierarchy Node ; Combinational ALUTs ; Dedicated Logic Registers ; Memory Bits ; DSP Elements ; DSP 9x9 ; DSP 18x18 ; DSP 36x36 ; Pins ; Virtual Pins ; Full Hierarchy Name ; Entity Name ; Library Name ;
+----------------------------+---------------------+---------------------------+-------------+--------------+---------+-----------+-----------+------+--------------+---------------------+-------------+--------------+
; |LIB                       ; 0 (0)               ; 0 (0)                     ; 0           ; 0            ; 0       ; 0         ; 0         ; 40   ; 0            ; |LIB                ; LIB         ; work         ;
+----------------------------+---------------------+---------------------------+-------------+--------------+---------+-----------+-----------+------+--------------+---------------------+-------------+--------------+
Note: For table entries with two numbers listed, the numbers in parentheses indicate the number of resources of the given type used by the specific entity alone. The numbers listed outside of parentheses indicate the total resources of the given type used by the specific entity and all of its sub-entities in the hierarchy.


+------------------------------------------------------+
; General Register Statistics                          ;
+----------------------------------------------+-------+
; Statistic                                    ; Value ;
+----------------------------------------------+-------+
; Total registers                              ; 0     ;
; Number of registers using Synchronous Clear  ; 0     ;
; Number of registers using Synchronous Load   ; 0     ;
; Number of registers using Asynchronous Clear ; 0     ;
; Number of registers using Asynchronous Load  ; 0     ;
; Number of registers using Clock Enable       ; 0     ;
; Number of registers using Preset             ; 0     ;
+----------------------------------------------+-------+


+----------------------------------------------------------------------------------------------+
; Parameter Settings for User Entity Instance: RdecoPBRopSEC:R_decPBRSEC|RDB_N:RDDL3_instrucDL ;
+----------------+-------+---------------------------------------------------------------------+
; Parameter Name ; Value ; Type                                                                ;
+----------------+-------+---------------------------------------------------------------------+
; tam            ; 32    ; Signed Integer                                                      ;
+----------------+-------+---------------------------------------------------------------------+
Note: In order to hide this table in the UI and the text report file, please set the "Show Parameter Settings in Synthesis Report" option in "Analysis and Synthesis Settings -> More Settings" to "Off".


+------------------------------------------------------------------------------------------------------+
; Parameter Settings for User Entity Instance: ensam_RD:R_dat|senya_cntlRD:senyales_cntl|RDI_N:RDA4_rd ;
+----------------+-------+-----------------------------------------------------------------------------+
; Parameter Name ; Value ; Type                                                                        ;
+----------------+-------+-----------------------------------------------------------------------------+
; tam            ; 5     ; Signed Integer                                                              ;
+----------------+-------+-----------------------------------------------------------------------------+
Note: In order to hide this table in the UI and the text report file, please set the "Show Parameter Settings in Synthesis Report" option in "Analysis and Synthesis Settings -> More Settings" to "Off".


+-----------------------------------------------------------------------------------------------------+
; Parameter Settings for User Entity Instance: ensam_RD:R_dat|senya_cntlRD:senyales_cntl|RD_N:RDM5_rd ;
+----------------+-------+----------------------------------------------------------------------------+
; Parameter Name ; Value ; Type                                                                       ;
+----------------+-------+----------------------------------------------------------------------------+
; tam            ; 5     ; Signed Integer                                                             ;
+----------------+-------+----------------------------------------------------------------------------+
Note: In order to hide this table in the UI and the text report file, please set the "Show Parameter Settings in Synthesis Report" option in "Analysis and Synthesis Settings -> More Settings" to "Off".


+----------------------------------------------------------------------------------------------------+
; Parameter Settings for User Entity Instance: ensam_RD:R_dat|senya_cntlRD:senyales_cntl|RD_N:RD6_rd ;
+----------------+-------+---------------------------------------------------------------------------+
; Parameter Name ; Value ; Type                                                                      ;
+----------------+-------+---------------------------------------------------------------------------+
; tam            ; 5     ; Signed Integer                                                            ;
+----------------+-------+---------------------------------------------------------------------------+
Note: In order to hide this table in the UI and the text report file, please set the "Show Parameter Settings in Synthesis Report" option in "Analysis and Synthesis Settings -> More Settings" to "Off".


+-----------------------------------------------------------------------------------------------------+
; Parameter Settings for User Entity Instance: ensam_RD:R_dat|senya_cntlRD:senyales_cntl|RD_N:RDE7_rd ;
+----------------+-------+----------------------------------------------------------------------------+
; Parameter Name ; Value ; Type                                                                       ;
+----------------+-------+----------------------------------------------------------------------------+
; tam            ; 5     ; Signed Integer                                                             ;
+----------------+-------+----------------------------------------------------------------------------+
Note: In order to hide this table in the UI and the text report file, please set the "Show Parameter Settings in Synthesis Report" option in "Analysis and Synthesis Settings -> More Settings" to "Off".


+---------------------------------------------------------------------------------------------------------+
; Parameter Settings for User Entity Instance: ensam_RS:R_Sec|senya_cntlRS:senyales_cntl|RDI_N:RDA4_opsec ;
+----------------+-------+--------------------------------------------------------------------------------+
; Parameter Name ; Value ; Type                                                                           ;
+----------------+-------+--------------------------------------------------------------------------------+
; tam            ; 4     ; Signed Integer                                                                 ;
+----------------+-------+--------------------------------------------------------------------------------+
Note: In order to hide this table in the UI and the text report file, please set the "Show Parameter Settings in Synthesis Report" option in "Analysis and Synthesis Settings -> More Settings" to "Off".


+-----------------------------------------------------+
; Post-Synthesis Netlist Statistics for Top Partition ;
+-----------------------+-----------------------------+
; Type                  ; Count                       ;
+-----------------------+-----------------------------+
; boundary_port         ; 40                          ;
; cycloneiii_lcell_comb ; 1                           ;
;     normal            ; 1                           ;
;         0 data inputs ; 1                           ;
;                       ;                             ;
; Max LUT depth         ; 0.00                        ;
; Average LUT depth     ; 0.00                        ;
+-----------------------+-----------------------------+


+-------------------------------+
; Elapsed Time Per Partition    ;
+----------------+--------------+
; Partition Name ; Elapsed Time ;
+----------------+--------------+
; Top            ; 00:00:00     ;
+----------------+--------------+


+-------------------------------+
; Analysis & Synthesis Messages ;
+-------------------------------+
Info: *******************************************************************
Info: Running Quartus Prime Analysis & Synthesis
    Info: Version 20.1.0 Build 711 06/05/2020 SJ Lite Edition
    Info: Processing started: Sat Dec 10 18:15:08 2022
Info: Command: quartus_map --read_settings_files=on --write_settings_files=off LIB -c LIB
Warning (18236): Number of processors has not been specified which may cause overloading on shared machines.  Set the global assignment NUM_PARALLEL_PROCESSORS in your QSF to an appropriate value for best performance.
Info (20030): Parallel compilation is enabled and will use 8 of the 8 processors detected
Info (12021): Found 1 design units, including 0 entities, in source file /home/eloi/Documents/AC2/labs/LAB4/PROC_SERIE/tipos_constantes_pkg/cte_tipos_UF_pkg.vhd
    Info (12022): Found design unit 1: cte_tipos_UF_pkg File: /home/eloi/Documents/AC2/labs/LAB4/PROC_SERIE/tipos_constantes_pkg/cte_tipos_UF_pkg.vhd Line: 12
Info (12021): Found 1 design units, including 0 entities, in source file /home/eloi/Documents/AC2/labs/LAB5/PROC_SEGMENTADO/tipos_constantes_pkg/retardos_RegDes_pkg.vhd
    Info (12022): Found design unit 1: retardos_RegDes_pkg File: /home/eloi/Documents/AC2/labs/LAB5/PROC_SEGMENTADO/tipos_constantes_pkg/retardos_RegDes_pkg.vhd Line: 9
Info (12021): Found 1 design units, including 0 entities, in source file /home/eloi/Documents/AC2/labs/LAB4/PROC_SERIE/tipos_constantes_pkg/riscv32_coop_funct_pkg.vhd
    Info (12022): Found design unit 1: riscv32_coop_funct_pkg File: /home/eloi/Documents/AC2/labs/LAB4/PROC_SERIE/tipos_constantes_pkg/riscv32_coop_funct_pkg.vhd Line: 9
Info (12021): Found 1 design units, including 0 entities, in source file /home/eloi/Documents/AC2/labs/LAB5/PROC_SEGMENTADO/REGISTRO_DESACOPLO/RegDes_pkg/RegDes_pkg.vhd
    Info (12022): Found design unit 1: RegDes_pkg File: /home/eloi/Documents/AC2/labs/LAB5/PROC_SEGMENTADO/REGISTRO_DESACOPLO/RegDes_pkg/RegDes_pkg.vhd Line: 11
Info (12021): Found 1 design units, including 0 entities, in source file /home/eloi/Documents/AC2/labs/LAB5/PROC_SEGMENTADO/CONTROL_SEGMENTACION/componentes_cntl_seg_pkg/componentes_control_seg_pkg.vhd
    Info (12022): Found design unit 1: componentes_control_seg_pkg File: /home/eloi/Documents/AC2/labs/LAB5/PROC_SEGMENTADO/CONTROL_SEGMENTACION/componentes_cntl_seg_pkg/componentes_control_seg_pkg.vhd Line: 12
Info (12021): Found 1 design units, including 0 entities, in source file /home/eloi/Documents/AC2/labs/LAB5/PROC_SEGMENTADO/tipos_constantes_pkg/retardos_cntl_seg_pkg.vhd
    Info (12022): Found design unit 1: retardos_cntl_seg_pkg File: /home/eloi/Documents/AC2/labs/LAB5/PROC_SEGMENTADO/tipos_constantes_pkg/retardos_cntl_seg_pkg.vhd Line: 9
Info (12021): Found 1 design units, including 0 entities, in source file /home/eloi/Documents/AC2/labs/LAB5/PROC_SEGMENTADO/tipos_constantes_pkg/cte_tipos_deco_camino_pkg.vhd
    Info (12022): Found design unit 1: cte_tipos_deco_camino_pkg File: /home/eloi/Documents/AC2/labs/LAB5/PROC_SEGMENTADO/tipos_constantes_pkg/cte_tipos_deco_camino_pkg.vhd Line: 10
Info (12021): Found 1 design units, including 0 entities, in source file /home/eloi/Documents/AC2/labs/LAB4/PROC_SERIE/tipos_constantes_pkg/param_disenyo_pkg.vhd
    Info (12022): Found design unit 1: param_disenyo_pkg File: /home/eloi/Documents/AC2/labs/LAB4/PROC_SERIE/tipos_constantes_pkg/param_disenyo_pkg.vhd Line: 9
Info (12021): Found 2 design units, including 1 entities, in source file /home/eloi/Documents/AC2/labs/LAB5/PROC_SEGMENTADO/CONTROL_SEGMENTACION/LIB/CODIGO/LIB.vhd
    Info (12022): Found design unit 1: LIB-estructural File: /home/eloi/Documents/AC2/labs/LAB5/PROC_SEGMENTADO/CONTROL_SEGMENTACION/LIB/CODIGO/LIB.vhd Line: 21
    Info (12023): Found entity 1: LIB File: /home/eloi/Documents/AC2/labs/LAB5/PROC_SEGMENTADO/CONTROL_SEGMENTACION/LIB/CODIGO/LIB.vhd Line: 15
Info (12127): Elaborating entity "LIB" for the top level hierarchy
Warning (12125): Using design file /home/eloi/Documents/AC2/labs/LAB5/PROC_SEGMENTADO/CONTROL_SEGMENTACION/COMPONENTES/DECO_PBR_opSEC/CODIGO/RdecoPBRopSEC.vhd, which is not specified as a design file for the current project, but contains definitions for 2 design units and 1 entities in project
    Info (12022): Found design unit 1: RdecoPBRopSEC-estructural File: /home/eloi/Documents/AC2/labs/LAB5/PROC_SEGMENTADO/CONTROL_SEGMENTACION/COMPONENTES/DECO_PBR_opSEC/CODIGO/RdecoPBRopSEC.vhd Line: 25
    Info (12023): Found entity 1: RdecoPBRopSEC File: /home/eloi/Documents/AC2/labs/LAB5/PROC_SEGMENTADO/CONTROL_SEGMENTACION/COMPONENTES/DECO_PBR_opSEC/CODIGO/RdecoPBRopSEC.vhd Line: 17
Info (12128): Elaborating entity "RdecoPBRopSEC" for hierarchy "RdecoPBRopSEC:R_decPBRSEC" File: /home/eloi/Documents/AC2/labs/LAB5/PROC_SEGMENTADO/CONTROL_SEGMENTACION/LIB/CODIGO/LIB.vhd Line: 30
Warning (12125): Using design file /home/eloi/Documents/AC2/labs/LAB5/PROC_SEGMENTADO/REGISTRO_DESACOPLO/CODIGO/RDB_N.vhd, which is not specified as a design file for the current project, but contains definitions for 2 design units and 1 entities in project
    Info (12022): Found design unit 1: RDB_N-comportamiento File: /home/eloi/Documents/AC2/labs/LAB5/PROC_SEGMENTADO/REGISTRO_DESACOPLO/CODIGO/RDB_N.vhd Line: 19
    Info (12023): Found entity 1: RDB_N File: /home/eloi/Documents/AC2/labs/LAB5/PROC_SEGMENTADO/REGISTRO_DESACOPLO/CODIGO/RDB_N.vhd Line: 12
Info (12128): Elaborating entity "RDB_N" for hierarchy "RdecoPBRopSEC:R_decPBRSEC|RDB_N:RDDL3_instrucDL" File: /home/eloi/Documents/AC2/labs/LAB5/PROC_SEGMENTADO/CONTROL_SEGMENTACION/COMPONENTES/DECO_PBR_opSEC/CODIGO/RdecoPBRopSEC.vhd Line: 29
Warning (12125): Using design file /home/eloi/Documents/AC2/labs/LAB5/PROC_SEGMENTADO/CONTROL_SEGMENTACION/COMPONENTES/DECO_PBR_opSEC/CODIGO/decoPBRopSEC.vhd, which is not specified as a design file for the current project, but contains definitions for 2 design units and 1 entities in project
    Info (12022): Found design unit 1: decoPBRopSEC-comportamiento File: /home/eloi/Documents/AC2/labs/LAB5/PROC_SEGMENTADO/CONTROL_SEGMENTACION/COMPONENTES/DECO_PBR_opSEC/CODIGO/decoPBRopSEC.vhd Line: 21
    Info (12023): Found entity 1: decoPBRopSEC File: /home/eloi/Documents/AC2/labs/LAB5/PROC_SEGMENTADO/CONTROL_SEGMENTACION/COMPONENTES/DECO_PBR_opSEC/CODIGO/decoPBRopSEC.vhd Line: 15
Info (12128): Elaborating entity "decoPBRopSEC" for hierarchy "RdecoPBRopSEC:R_decPBRSEC|decoPBRopSEC:decPBRSEC" File: /home/eloi/Documents/AC2/labs/LAB5/PROC_SEGMENTADO/CONTROL_SEGMENTACION/COMPONENTES/DECO_PBR_opSEC/CODIGO/RdecoPBRopSEC.vhd Line: 32
Warning (12125): Using design file /home/eloi/Documents/AC2/labs/LAB5/PROC_SEGMENTADO/CONTROL_SEGMENTACION/COMPONENTES/ENSAM_RD/CODIGO/ensam_RD.vhd, which is not specified as a design file for the current project, but contains definitions for 2 design units and 1 entities in project
    Info (12022): Found design unit 1: ensam_RD-estructural File: /home/eloi/Documents/AC2/labs/LAB5/PROC_SEGMENTADO/CONTROL_SEGMENTACION/COMPONENTES/ENSAM_RD/CODIGO/ensam_RD.vhd Line: 23
    Info (12023): Found entity 1: ensam_RD File: /home/eloi/Documents/AC2/labs/LAB5/PROC_SEGMENTADO/CONTROL_SEGMENTACION/COMPONENTES/ENSAM_RD/CODIGO/ensam_RD.vhd Line: 15
Info (12128): Elaborating entity "ensam_RD" for hierarchy "ensam_RD:R_dat" File: /home/eloi/Documents/AC2/labs/LAB5/PROC_SEGMENTADO/CONTROL_SEGMENTACION/LIB/CODIGO/LIB.vhd Line: 33
Warning (12125): Using design file /home/eloi/Documents/AC2/labs/LAB5/PROC_SEGMENTADO/CONTROL_SEGMENTACION/COMPONENTES/SENYALES_CNTL/CODIGO/senya_cntlRD.vhd, which is not specified as a design file for the current project, but contains definitions for 2 design units and 1 entities in project
    Info (12022): Found design unit 1: senya_cntlRD-estructural File: /home/eloi/Documents/AC2/labs/LAB5/PROC_SEGMENTADO/CONTROL_SEGMENTACION/COMPONENTES/SENYALES_CNTL/CODIGO/senya_cntlRD.vhd Line: 24
    Info (12023): Found entity 1: senya_cntlRD File: /home/eloi/Documents/AC2/labs/LAB5/PROC_SEGMENTADO/CONTROL_SEGMENTACION/COMPONENTES/SENYALES_CNTL/CODIGO/senya_cntlRD.vhd Line: 15
Info (12128): Elaborating entity "senya_cntlRD" for hierarchy "ensam_RD:R_dat|senya_cntlRD:senyales_cntl" File: /home/eloi/Documents/AC2/labs/LAB5/PROC_SEGMENTADO/CONTROL_SEGMENTACION/COMPONENTES/ENSAM_RD/CODIGO/ensam_RD.vhd Line: 39
Warning (12125): Using design file /home/eloi/Documents/AC2/labs/LAB5/PROC_SEGMENTADO/REGISTRO_DESACOPLO/CODIGO/RDI_N.vhd, which is not specified as a design file for the current project, but contains definitions for 2 design units and 1 entities in project
    Info (12022): Found design unit 1: RDI_N-comportamiento File: /home/eloi/Documents/AC2/labs/LAB5/PROC_SEGMENTADO/REGISTRO_DESACOPLO/CODIGO/RDI_N.vhd Line: 19
    Info (12023): Found entity 1: RDI_N File: /home/eloi/Documents/AC2/labs/LAB5/PROC_SEGMENTADO/REGISTRO_DESACOPLO/CODIGO/RDI_N.vhd Line: 12
Info (12128): Elaborating entity "RDI_N" for hierarchy "ensam_RD:R_dat|senya_cntlRD:senyales_cntl|RDI_N:RDA4_rd" File: /home/eloi/Documents/AC2/labs/LAB5/PROC_SEGMENTADO/CONTROL_SEGMENTACION/COMPONENTES/SENYALES_CNTL/CODIGO/senya_cntlRD.vhd Line: 30
Warning (12125): Using design file /home/eloi/Documents/AC2/labs/LAB5/PROC_SEGMENTADO/REGISTRO_DESACOPLO/CODIGO/RD_N.vhd, which is not specified as a design file for the current project, but contains definitions for 2 design units and 1 entities in project
    Info (12022): Found design unit 1: RD_N-comportamiento File: /home/eloi/Documents/AC2/labs/LAB5/PROC_SEGMENTADO/REGISTRO_DESACOPLO/CODIGO/RD_N.vhd Line: 19
    Info (12023): Found entity 1: RD_N File: /home/eloi/Documents/AC2/labs/LAB5/PROC_SEGMENTADO/REGISTRO_DESACOPLO/CODIGO/RD_N.vhd Line: 12
Info (12128): Elaborating entity "RD_N" for hierarchy "ensam_RD:R_dat|senya_cntlRD:senyales_cntl|RD_N:RDM5_rd" File: /home/eloi/Documents/AC2/labs/LAB5/PROC_SEGMENTADO/CONTROL_SEGMENTACION/COMPONENTES/SENYALES_CNTL/CODIGO/senya_cntlRD.vhd Line: 32
Warning (12125): Using design file /home/eloi/Documents/AC2/labs/LAB5/PROC_SEGMENTADO/REGISTRO_DESACOPLO/CODIGO/RDI_1.vhd, which is not specified as a design file for the current project, but contains definitions for 2 design units and 1 entities in project
    Info (12022): Found design unit 1: RDI_1-comportamiento File: /home/eloi/Documents/AC2/labs/LAB5/PROC_SEGMENTADO/REGISTRO_DESACOPLO/CODIGO/RDI_1.vhd Line: 18
    Info (12023): Found entity 1: RDI_1 File: /home/eloi/Documents/AC2/labs/LAB5/PROC_SEGMENTADO/REGISTRO_DESACOPLO/CODIGO/RDI_1.vhd Line: 12
Info (12128): Elaborating entity "RDI_1" for hierarchy "ensam_RD:R_dat|senya_cntlRD:senyales_cntl|RDI_1:RDA4_pbr" File: /home/eloi/Documents/AC2/labs/LAB5/PROC_SEGMENTADO/CONTROL_SEGMENTACION/COMPONENTES/SENYALES_CNTL/CODIGO/senya_cntlRD.vhd Line: 42
Warning (12125): Using design file /home/eloi/Documents/AC2/labs/LAB5/PROC_SEGMENTADO/REGISTRO_DESACOPLO/CODIGO/RD_1.vhd, which is not specified as a design file for the current project, but contains definitions for 2 design units and 1 entities in project
    Info (12022): Found design unit 1: RD_1-comportamiento File: /home/eloi/Documents/AC2/labs/LAB5/PROC_SEGMENTADO/REGISTRO_DESACOPLO/CODIGO/RD_1.vhd Line: 18
    Info (12023): Found entity 1: RD_1 File: /home/eloi/Documents/AC2/labs/LAB5/PROC_SEGMENTADO/REGISTRO_DESACOPLO/CODIGO/RD_1.vhd Line: 12
Info (12128): Elaborating entity "RD_1" for hierarchy "ensam_RD:R_dat|senya_cntlRD:senyales_cntl|RD_1:RDM5_pbr" File: /home/eloi/Documents/AC2/labs/LAB5/PROC_SEGMENTADO/CONTROL_SEGMENTACION/COMPONENTES/SENYALES_CNTL/CODIGO/senya_cntlRD.vhd Line: 43
Warning (12125): Using design file /home/eloi/Documents/AC2/labs/LAB5/PROC_SEGMENTADO/CONTROL_SEGMENTACION/COMPONENTES/VALIDACION/CODIGO/valreg.vhd, which is not specified as a design file for the current project, but contains definitions for 2 design units and 1 entities in project
    Info (12022): Found design unit 1: valreg-compor File: /home/eloi/Documents/AC2/labs/LAB5/PROC_SEGMENTADO/CONTROL_SEGMENTACION/COMPONENTES/VALIDACION/CODIGO/valreg.vhd Line: 19
    Info (12023): Found entity 1: valreg File: /home/eloi/Documents/AC2/labs/LAB5/PROC_SEGMENTADO/CONTROL_SEGMENTACION/COMPONENTES/VALIDACION/CODIGO/valreg.vhd Line: 14
Info (12128): Elaborating entity "valreg" for hierarchy "ensam_RD:R_dat|valreg:genvalreg" File: /home/eloi/Documents/AC2/labs/LAB5/PROC_SEGMENTADO/CONTROL_SEGMENTACION/COMPONENTES/ENSAM_RD/CODIGO/ensam_RD.vhd Line: 42
Warning (12125): Using design file /home/eloi/Documents/AC2/labs/LAB5/PROC_SEGMENTADO/CONTROL_SEGMENTACION/COMPONENTES/LDD/CODIGO/LDD.vhd, which is not specified as a design file for the current project, but contains definitions for 2 design units and 1 entities in project
    Info (12022): Found design unit 1: LDD-estructural File: /home/eloi/Documents/AC2/labs/LAB5/PROC_SEGMENTADO/CONTROL_SEGMENTACION/COMPONENTES/LDD/CODIGO/LDD.vhd Line: 24
    Info (12023): Found entity 1: LDD File: /home/eloi/Documents/AC2/labs/LAB5/PROC_SEGMENTADO/CONTROL_SEGMENTACION/COMPONENTES/LDD/CODIGO/LDD.vhd Line: 14
Info (12128): Elaborating entity "LDD" for hierarchy "ensam_RD:R_dat|LDD:LDDat" File: /home/eloi/Documents/AC2/labs/LAB5/PROC_SEGMENTADO/CONTROL_SEGMENTACION/COMPONENTES/ENSAM_RD/CODIGO/ensam_RD.vhd Line: 44
Warning (12125): Using design file /home/eloi/Documents/AC2/labs/LAB5/PROC_SEGMENTADO/CONTROL_SEGMENTACION/COMPONENTES/LDRD/CODIGO/LDRD.vhd, which is not specified as a design file for the current project, but contains definitions for 2 design units and 1 entities in project
    Info (12022): Found design unit 1: LDRD-comportamiento File: /home/eloi/Documents/AC2/labs/LAB5/PROC_SEGMENTADO/CONTROL_SEGMENTACION/COMPONENTES/LDRD/CODIGO/LDRD.vhd Line: 20
    Info (12023): Found entity 1: LDRD File: /home/eloi/Documents/AC2/labs/LAB5/PROC_SEGMENTADO/CONTROL_SEGMENTACION/COMPONENTES/LDRD/CODIGO/LDRD.vhd Line: 13
Info (12128): Elaborating entity "LDRD" for hierarchy "ensam_RD:R_dat|LDRD:R_dat" File: /home/eloi/Documents/AC2/labs/LAB5/PROC_SEGMENTADO/CONTROL_SEGMENTACION/COMPONENTES/ENSAM_RD/CODIGO/ensam_RD.vhd Line: 48
Warning (12125): Using design file /home/eloi/Documents/AC2/labs/LAB5/PROC_SEGMENTADO/CONTROL_SEGMENTACION/COMPONENTES/ENSAM_RS/CODIGO/ensam_RS.vhd, which is not specified as a design file for the current project, but contains definitions for 2 design units and 1 entities in project
    Info (12022): Found design unit 1: ensam_RS-estructural File: /home/eloi/Documents/AC2/labs/LAB5/PROC_SEGMENTADO/CONTROL_SEGMENTACION/COMPONENTES/ENSAM_RS/CODIGO/ensam_RS.vhd Line: 22
    Info (12023): Found entity 1: ensam_RS File: /home/eloi/Documents/AC2/labs/LAB5/PROC_SEGMENTADO/CONTROL_SEGMENTACION/COMPONENTES/ENSAM_RS/CODIGO/ensam_RS.vhd Line: 15
Info (12128): Elaborating entity "ensam_RS" for hierarchy "ensam_RS:R_Sec" File: /home/eloi/Documents/AC2/labs/LAB5/PROC_SEGMENTADO/CONTROL_SEGMENTACION/LIB/CODIGO/LIB.vhd Line: 35
Warning (12125): Using design file /home/eloi/Documents/AC2/labs/LAB5/PROC_SEGMENTADO/CONTROL_SEGMENTACION/COMPONENTES/SENYALES_CNTL/CODIGO/senya_cntlRS.vhd, which is not specified as a design file for the current project, but contains definitions for 2 design units and 1 entities in project
    Info (12022): Found design unit 1: senya_cntlRS-estructural File: /home/eloi/Documents/AC2/labs/LAB5/PROC_SEGMENTADO/CONTROL_SEGMENTACION/COMPONENTES/SENYALES_CNTL/CODIGO/senya_cntlRS.vhd Line: 21
    Info (12023): Found entity 1: senya_cntlRS File: /home/eloi/Documents/AC2/labs/LAB5/PROC_SEGMENTADO/CONTROL_SEGMENTACION/COMPONENTES/SENYALES_CNTL/CODIGO/senya_cntlRS.vhd Line: 14
Info (12128): Elaborating entity "senya_cntlRS" for hierarchy "ensam_RS:R_Sec|senya_cntlRS:senyales_cntl" File: /home/eloi/Documents/AC2/labs/LAB5/PROC_SEGMENTADO/CONTROL_SEGMENTACION/COMPONENTES/ENSAM_RS/CODIGO/ensam_RS.vhd Line: 26
Info (12128): Elaborating entity "RDI_N" for hierarchy "ensam_RS:R_Sec|senya_cntlRS:senyales_cntl|RDI_N:RDA4_opsec" File: /home/eloi/Documents/AC2/labs/LAB5/PROC_SEGMENTADO/CONTROL_SEGMENTACION/COMPONENTES/SENYALES_CNTL/CODIGO/senya_cntlRS.vhd Line: 24
Warning (12125): Using design file /home/eloi/Documents/AC2/labs/LAB5/PROC_SEGMENTADO/CONTROL_SEGMENTACION/COMPONENTES/LDRS/CODIGO/LDRS.vhd, which is not specified as a design file for the current project, but contains definitions for 2 design units and 1 entities in project
    Info (12022): Found design unit 1: LDRS-comportamiento File: /home/eloi/Documents/AC2/labs/LAB5/PROC_SEGMENTADO/CONTROL_SEGMENTACION/COMPONENTES/LDRS/CODIGO/LDRS.vhd Line: 19
    Info (12023): Found entity 1: LDRS File: /home/eloi/Documents/AC2/labs/LAB5/PROC_SEGMENTADO/CONTROL_SEGMENTACION/COMPONENTES/LDRS/CODIGO/LDRS.vhd Line: 13
Info (12128): Elaborating entity "LDRS" for hierarchy "ensam_RS:R_Sec|LDRS:R_sec" File: /home/eloi/Documents/AC2/labs/LAB5/PROC_SEGMENTADO/CONTROL_SEGMENTACION/COMPONENTES/ENSAM_RS/CODIGO/ensam_RS.vhd Line: 28
Warning (12125): Using design file /home/eloi/Documents/AC2/labs/LAB5/PROC_SEGMENTADO/CONTROL_SEGMENTACION/COMPONENTES/LGR/CODIGO/LGR.vhd, which is not specified as a design file for the current project, but contains definitions for 2 design units and 1 entities in project
    Info (12022): Found design unit 1: LGR-comportamiento File: /home/eloi/Documents/AC2/labs/LAB5/PROC_SEGMENTADO/CONTROL_SEGMENTACION/COMPONENTES/LGR/CODIGO/LGR.vhd Line: 19
    Info (12023): Found entity 1: LGR File: /home/eloi/Documents/AC2/labs/LAB5/PROC_SEGMENTADO/CONTROL_SEGMENTACION/COMPONENTES/LGR/CODIGO/LGR.vhd Line: 13
Info (12128): Elaborating entity "LGR" for hierarchy "LGR:R_lgr" File: /home/eloi/Documents/AC2/labs/LAB5/PROC_SEGMENTADO/CONTROL_SEGMENTACION/LIB/CODIGO/LIB.vhd Line: 37
Warning (13024): Output pins are stuck at VCC or GND
    Warning (13410): Pin "bloqCP" is stuck at GND File: /home/eloi/Documents/AC2/labs/LAB5/PROC_SEGMENTADO/CONTROL_SEGMENTACION/LIB/CODIGO/LIB.vhd Line: 18
    Warning (13410): Pin "bloqBDL" is stuck at GND File: /home/eloi/Documents/AC2/labs/LAB5/PROC_SEGMENTADO/CONTROL_SEGMENTACION/LIB/CODIGO/LIB.vhd Line: 18
    Warning (13410): Pin "inyecBDL" is stuck at GND File: /home/eloi/Documents/AC2/labs/LAB5/PROC_SEGMENTADO/CONTROL_SEGMENTACION/LIB/CODIGO/LIB.vhd Line: 18
    Warning (13410): Pin "inyecDLA" is stuck at GND File: /home/eloi/Documents/AC2/labs/LAB5/PROC_SEGMENTADO/CONTROL_SEGMENTACION/LIB/CODIGO/LIB.vhd Line: 18
Info (16010): Generating hard_block partition "hard_block:auto_generated_inst"
    Info (16011): Adding 0 node(s), including 0 DDIO, 0 PLL, 0 transceiver and 0 LCELL
Warning (21074): Design contains 36 input pin(s) that do not drive logic
    Warning (15610): No output dependent on input pin "reloj" File: /home/eloi/Documents/AC2/labs/LAB5/PROC_SEGMENTADO/CONTROL_SEGMENTACION/LIB/CODIGO/LIB.vhd Line: 16
    Warning (15610): No output dependent on input pin "pcero" File: /home/eloi/Documents/AC2/labs/LAB5/PROC_SEGMENTADO/CONTROL_SEGMENTACION/LIB/CODIGO/LIB.vhd Line: 16
    Warning (15610): No output dependent on input pin "B" File: /home/eloi/Documents/AC2/labs/LAB5/PROC_SEGMENTADO/CONTROL_SEGMENTACION/LIB/CODIGO/LIB.vhd Line: 16
    Warning (15610): No output dependent on input pin "I" File: /home/eloi/Documents/AC2/labs/LAB5/PROC_SEGMENTADO/CONTROL_SEGMENTACION/LIB/CODIGO/LIB.vhd Line: 16
    Warning (15610): No output dependent on input pin "instruc[0]" File: /home/eloi/Documents/AC2/labs/LAB5/PROC_SEGMENTADO/CONTROL_SEGMENTACION/LIB/CODIGO/LIB.vhd Line: 17
    Warning (15610): No output dependent on input pin "instruc[1]" File: /home/eloi/Documents/AC2/labs/LAB5/PROC_SEGMENTADO/CONTROL_SEGMENTACION/LIB/CODIGO/LIB.vhd Line: 17
    Warning (15610): No output dependent on input pin "instruc[2]" File: /home/eloi/Documents/AC2/labs/LAB5/PROC_SEGMENTADO/CONTROL_SEGMENTACION/LIB/CODIGO/LIB.vhd Line: 17
    Warning (15610): No output dependent on input pin "instruc[3]" File: /home/eloi/Documents/AC2/labs/LAB5/PROC_SEGMENTADO/CONTROL_SEGMENTACION/LIB/CODIGO/LIB.vhd Line: 17
    Warning (15610): No output dependent on input pin "instruc[4]" File: /home/eloi/Documents/AC2/labs/LAB5/PROC_SEGMENTADO/CONTROL_SEGMENTACION/LIB/CODIGO/LIB.vhd Line: 17
    Warning (15610): No output dependent on input pin "instruc[5]" File: /home/eloi/Documents/AC2/labs/LAB5/PROC_SEGMENTADO/CONTROL_SEGMENTACION/LIB/CODIGO/LIB.vhd Line: 17
    Warning (15610): No output dependent on input pin "instruc[6]" File: /home/eloi/Documents/AC2/labs/LAB5/PROC_SEGMENTADO/CONTROL_SEGMENTACION/LIB/CODIGO/LIB.vhd Line: 17
    Warning (15610): No output dependent on input pin "instruc[7]" File: /home/eloi/Documents/AC2/labs/LAB5/PROC_SEGMENTADO/CONTROL_SEGMENTACION/LIB/CODIGO/LIB.vhd Line: 17
    Warning (15610): No output dependent on input pin "instruc[8]" File: /home/eloi/Documents/AC2/labs/LAB5/PROC_SEGMENTADO/CONTROL_SEGMENTACION/LIB/CODIGO/LIB.vhd Line: 17
    Warning (15610): No output dependent on input pin "instruc[9]" File: /home/eloi/Documents/AC2/labs/LAB5/PROC_SEGMENTADO/CONTROL_SEGMENTACION/LIB/CODIGO/LIB.vhd Line: 17
    Warning (15610): No output dependent on input pin "instruc[10]" File: /home/eloi/Documents/AC2/labs/LAB5/PROC_SEGMENTADO/CONTROL_SEGMENTACION/LIB/CODIGO/LIB.vhd Line: 17
    Warning (15610): No output dependent on input pin "instruc[11]" File: /home/eloi/Documents/AC2/labs/LAB5/PROC_SEGMENTADO/CONTROL_SEGMENTACION/LIB/CODIGO/LIB.vhd Line: 17
    Warning (15610): No output dependent on input pin "instruc[12]" File: /home/eloi/Documents/AC2/labs/LAB5/PROC_SEGMENTADO/CONTROL_SEGMENTACION/LIB/CODIGO/LIB.vhd Line: 17
    Warning (15610): No output dependent on input pin "instruc[13]" File: /home/eloi/Documents/AC2/labs/LAB5/PROC_SEGMENTADO/CONTROL_SEGMENTACION/LIB/CODIGO/LIB.vhd Line: 17
    Warning (15610): No output dependent on input pin "instruc[14]" File: /home/eloi/Documents/AC2/labs/LAB5/PROC_SEGMENTADO/CONTROL_SEGMENTACION/LIB/CODIGO/LIB.vhd Line: 17
    Warning (15610): No output dependent on input pin "instruc[15]" File: /home/eloi/Documents/AC2/labs/LAB5/PROC_SEGMENTADO/CONTROL_SEGMENTACION/LIB/CODIGO/LIB.vhd Line: 17
    Warning (15610): No output dependent on input pin "instruc[16]" File: /home/eloi/Documents/AC2/labs/LAB5/PROC_SEGMENTADO/CONTROL_SEGMENTACION/LIB/CODIGO/LIB.vhd Line: 17
    Warning (15610): No output dependent on input pin "instruc[17]" File: /home/eloi/Documents/AC2/labs/LAB5/PROC_SEGMENTADO/CONTROL_SEGMENTACION/LIB/CODIGO/LIB.vhd Line: 17
    Warning (15610): No output dependent on input pin "instruc[18]" File: /home/eloi/Documents/AC2/labs/LAB5/PROC_SEGMENTADO/CONTROL_SEGMENTACION/LIB/CODIGO/LIB.vhd Line: 17
    Warning (15610): No output dependent on input pin "instruc[19]" File: /home/eloi/Documents/AC2/labs/LAB5/PROC_SEGMENTADO/CONTROL_SEGMENTACION/LIB/CODIGO/LIB.vhd Line: 17
    Warning (15610): No output dependent on input pin "instruc[20]" File: /home/eloi/Documents/AC2/labs/LAB5/PROC_SEGMENTADO/CONTROL_SEGMENTACION/LIB/CODIGO/LIB.vhd Line: 17
    Warning (15610): No output dependent on input pin "instruc[21]" File: /home/eloi/Documents/AC2/labs/LAB5/PROC_SEGMENTADO/CONTROL_SEGMENTACION/LIB/CODIGO/LIB.vhd Line: 17
    Warning (15610): No output dependent on input pin "instruc[22]" File: /home/eloi/Documents/AC2/labs/LAB5/PROC_SEGMENTADO/CONTROL_SEGMENTACION/LIB/CODIGO/LIB.vhd Line: 17
    Warning (15610): No output dependent on input pin "instruc[23]" File: /home/eloi/Documents/AC2/labs/LAB5/PROC_SEGMENTADO/CONTROL_SEGMENTACION/LIB/CODIGO/LIB.vhd Line: 17
    Warning (15610): No output dependent on input pin "instruc[24]" File: /home/eloi/Documents/AC2/labs/LAB5/PROC_SEGMENTADO/CONTROL_SEGMENTACION/LIB/CODIGO/LIB.vhd Line: 17
    Warning (15610): No output dependent on input pin "instruc[25]" File: /home/eloi/Documents/AC2/labs/LAB5/PROC_SEGMENTADO/CONTROL_SEGMENTACION/LIB/CODIGO/LIB.vhd Line: 17
    Warning (15610): No output dependent on input pin "instruc[26]" File: /home/eloi/Documents/AC2/labs/LAB5/PROC_SEGMENTADO/CONTROL_SEGMENTACION/LIB/CODIGO/LIB.vhd Line: 17
    Warning (15610): No output dependent on input pin "instruc[27]" File: /home/eloi/Documents/AC2/labs/LAB5/PROC_SEGMENTADO/CONTROL_SEGMENTACION/LIB/CODIGO/LIB.vhd Line: 17
    Warning (15610): No output dependent on input pin "instruc[28]" File: /home/eloi/Documents/AC2/labs/LAB5/PROC_SEGMENTADO/CONTROL_SEGMENTACION/LIB/CODIGO/LIB.vhd Line: 17
    Warning (15610): No output dependent on input pin "instruc[29]" File: /home/eloi/Documents/AC2/labs/LAB5/PROC_SEGMENTADO/CONTROL_SEGMENTACION/LIB/CODIGO/LIB.vhd Line: 17
    Warning (15610): No output dependent on input pin "instruc[30]" File: /home/eloi/Documents/AC2/labs/LAB5/PROC_SEGMENTADO/CONTROL_SEGMENTACION/LIB/CODIGO/LIB.vhd Line: 17
    Warning (15610): No output dependent on input pin "instruc[31]" File: /home/eloi/Documents/AC2/labs/LAB5/PROC_SEGMENTADO/CONTROL_SEGMENTACION/LIB/CODIGO/LIB.vhd Line: 17
Info (21057): Implemented 40 device resources after synthesis - the final resource count might be different
    Info (21058): Implemented 36 input pins
    Info (21059): Implemented 4 output pins
Info: Quartus Prime Analysis & Synthesis was successful. 0 errors, 59 warnings
    Info: Peak virtual memory: 495 megabytes
    Info: Processing ended: Sat Dec 10 18:15:18 2022
    Info: Elapsed time: 00:00:10
    Info: Total CPU time (on all processors): 00:00:27


