Flow report for BR
Fri Oct 14 14:25:44 2022
Quartus Prime Version 20.1.0 Build 711 06/05/2020 SJ Lite Edition


---------------------
; Table of Contents ;
---------------------
  1. Legal Notice
  2. Flow Summary
  3. Flow Settings
  4. Flow Non-Default Global Settings
  5. Flow Elapsed Time
  6. Flow OS Summary
  7. Flow Log
  8. Flow Messages
  9. Flow Suppressed Messages



----------------
; Legal Notice ;
----------------
Copyright (C) 2020  Intel Corporation. All rights reserved.
Your use of Intel Corporation's design tools, logic functions 
and other software and tools, and any partner logic 
functions, and any output files from any of the foregoing 
(including device programming or simulation files), and any 
associated documentation or information are expressly subject 
to the terms and conditions of the Intel Program License 
Subscription Agreement, the Intel Quartus Prime License Agreement,
the Intel FPGA IP License Agreement, or other applicable license
agreement, including, without limitation, that your use is for
the sole purpose of programming logic devices manufactured by
Intel and sold by Intel or its authorized distributors.  Please
refer to the applicable agreement for further details, at
https://fpgasoftware.intel.com/eula.



+----------------------------------------------------------------------------------+
; Flow Summary                                                                     ;
+------------------------------------+---------------------------------------------+
; Flow Status                        ; Successful - Fri Oct 14 14:25:44 2022       ;
; Quartus Prime Version              ; 20.1.0 Build 711 06/05/2020 SJ Lite Edition ;
; Revision Name                      ; BR                                          ;
; Top-level Entity Name              ; BR                                          ;
; Family                             ; Cyclone IV GX                               ;
; Device                             ; EP4CGX30CF23C6                              ;
; Timing Models                      ; Final                                       ;
; Total logic elements               ; 385 / 29,440 ( 1 % )                        ;
;     Total combinational functions  ; 385 / 29,440 ( 1 % )                        ;
;     Dedicated logic registers      ; 256 / 29,440 ( < 1 % )                      ;
; Total registers                    ; 256                                         ;
; Total pins                         ; 41 / 307 ( 13 % )                           ;
; Total virtual pins                 ; 0                                           ;
; Total memory bits                  ; 0 / 1,105,920 ( 0 % )                       ;
; Embedded Multiplier 9-bit elements ; 0 / 160 ( 0 % )                             ;
; Total GXB Receiver Channel PCS     ; 0 / 4 ( 0 % )                               ;
; Total GXB Receiver Channel PMA     ; 0 / 4 ( 0 % )                               ;
; Total GXB Transmitter Channel PCS  ; 0 / 4 ( 0 % )                               ;
; Total GXB Transmitter Channel PMA  ; 0 / 4 ( 0 % )                               ;
; Total PLLs                         ; 0 / 6 ( 0 % )                               ;
+------------------------------------+---------------------------------------------+


+-----------------------------------------+
; Flow Settings                           ;
+-------------------+---------------------+
; Option            ; Setting             ;
+-------------------+---------------------+
; Start date & time ; 10/14/2022 14:25:22 ;
; Main task         ; Compilation         ;
; Revision Name     ; BR                  ;
+-------------------+---------------------+


+--------------------------------------------------------------------------------------------------------------------------------+
; Flow Non-Default Global Settings                                                                                               ;
+----------------------------------------+----------------------------------------+---------------+-------------+----------------+
; Assignment Name                        ; Value                                  ; Default Value ; Entity Name ; Section Id     ;
+----------------------------------------+----------------------------------------+---------------+-------------+----------------+
; COMPILER_SIGNATURE_ID                  ; 71126639310910.166575032210281         ; --            ; --          ; --             ;
; EDA_DESIGN_INSTANCE_NAME               ; NA                                     ; --            ; --          ; prueba_BR      ;
; EDA_NATIVELINK_SIMULATION_SETUP_SCRIPT ; ../PRUEBAS/formato_ventanas.do         ; --            ; --          ; eda_simulation ;
; EDA_NATIVELINK_SIMULATION_TEST_BENCH   ; prueba_BR                              ; --            ; --          ; eda_simulation ;
; EDA_OUTPUT_DATA_FORMAT                 ; Vhdl                                   ; --            ; --          ; eda_simulation ;
; EDA_SIMULATION_TOOL                    ; ModelSim-Altera (VHDL)                 ; <None>        ; --          ; --             ;
; EDA_TEST_BENCH_ENABLE_STATUS           ; TEST_BENCH_MODE                        ; --            ; --          ; eda_simulation ;
; EDA_TEST_BENCH_FILE                    ; ../PRUEBAS/procedimientos_pkg.vhd      ; --            ; --          ; prueba_BR      ;
; EDA_TEST_BENCH_FILE                    ; ../PRUEBAS/prueba_BR.vhd               ; --            ; --          ; prueba_BR      ;
; EDA_TEST_BENCH_MODULE_NAME             ; prueba_BR                              ; --            ; --          ; prueba_BR      ;
; EDA_TEST_BENCH_NAME                    ; prueba_BR                              ; --            ; --          ; eda_simulation ;
; MAX_CORE_JUNCTION_TEMP                 ; 85                                     ; --            ; --          ; --             ;
; MIN_CORE_JUNCTION_TEMP                 ; 0                                      ; --            ; --          ; --             ;
; NOMINAL_CORE_SUPPLY_VOLTAGE            ; 1.2V                                   ; --            ; --          ; --             ;
; PARTITION_COLOR                        ; -- (Not supported for targeted family) ; --            ; --          ; Top            ;
; PARTITION_FITTER_PRESERVATION_LEVEL    ; -- (Not supported for targeted family) ; --            ; --          ; Top            ;
; PARTITION_NETLIST_TYPE                 ; -- (Not supported for targeted family) ; --            ; --          ; Top            ;
; POWER_BOARD_THERMAL_MODEL              ; None (CONSERVATIVE)                    ; --            ; --          ; --             ;
; POWER_PRESET_COOLING_SOLUTION          ; 23 MM HEAT SINK WITH 200 LFPM AIRFLOW  ; --            ; --          ; --             ;
; PROJECT_OUTPUT_DIRECTORY               ; output_files                           ; --            ; --          ; --             ;
+----------------------------------------+----------------------------------------+---------------+-------------+----------------+


+--------------------------------------------------------------------------------------------------------------------------+
; Flow Elapsed Time                                                                                                        ;
+----------------------+--------------+-------------------------+---------------------+------------------------------------+
; Module Name          ; Elapsed Time ; Average Processors Used ; Peak Virtual Memory ; Total CPU Time (on all processors) ;
+----------------------+--------------+-------------------------+---------------------+------------------------------------+
; Analysis & Synthesis ; 00:00:07     ; 1.0                     ; 498 MB              ; 00:00:18                           ;
; Fitter               ; 00:00:08     ; 1.0                     ; 1740 MB             ; 00:00:14                           ;
; Assembler            ; 00:00:02     ; 1.0                     ; 430 MB              ; 00:00:02                           ;
; Timing Analyzer      ; 00:00:02     ; 1.2                     ; 610 MB              ; 00:00:01                           ;
; EDA Netlist Writer   ; 00:00:01     ; 1.0                     ; 670 MB              ; 00:00:00                           ;
; Total                ; 00:00:20     ; --                      ; --                  ; 00:00:35                           ;
+----------------------+--------------+-------------------------+---------------------+------------------------------------+


+------------------------------------------------------------------------------------------------+
; Flow OS Summary                                                                                ;
+----------------------+------------------+------------------+------------------+----------------+
; Module Name          ; Machine Hostname ; OS Name          ; OS Version       ; Processor type ;
+----------------------+------------------+------------------+------------------+----------------+
; Analysis & Synthesis ; el01pc           ; Debian GNU/Linux ; Debian GNU/Linux ; x86_64         ;
; Fitter               ; el01pc           ; Debian GNU/Linux ; Debian GNU/Linux ; x86_64         ;
; Assembler            ; el01pc           ; Debian GNU/Linux ; Debian GNU/Linux ; x86_64         ;
; Timing Analyzer      ; el01pc           ; Debian GNU/Linux ; Debian GNU/Linux ; x86_64         ;
; EDA Netlist Writer   ; el01pc           ; Debian GNU/Linux ; Debian GNU/Linux ; x86_64         ;
+----------------------+------------------+------------------+------------------+----------------+


------------
; Flow Log ;
------------
quartus_map --read_settings_files=on --write_settings_files=off BR -c BR
quartus_fit --read_settings_files=off --write_settings_files=off BR -c BR
quartus_asm --read_settings_files=off --write_settings_files=off BR -c BR
quartus_sta BR -c BR
quartus_eda --read_settings_files=off --write_settings_files=off BR -c BR



